[ 2018-11-20T18:04:31+08:00 ] 127.0.0.1 /admin.php?s=/menu/index.html
INFO: [ app_init ] --START--
INFO: Run Behavior\BuildLiteBehavior [ RunTime:0.000000s ]
SQL: SHOW COLUMNS FROM `ot_hooks` [ RunTime:0.006000s ]
SQL: SELECT `name`,`addons` FROM `ot_hooks`  [ RunTime:0.000000s ]
SQL: SHOW COLUMNS FROM `ot_addons` [ RunTime:0.008000s ]
SQL: SELECT `id`,`name` FROM `ot_addons` WHERE `status` = 1 AND `name` IN ('SuperLinks')  [ RunTime:0.001000s ]
SQL: SELECT `id`,`name` FROM `ot_addons` WHERE `status` = 1 AND `name` IN ('EditorForAdmin')  [ RunTime:0.000000s ]
SQL: SELECT `id`,`name` FROM `ot_addons` WHERE `status` = 1 AND `name` IN ('SiteStat','SyncLogin','DevTeam','SystemInfo','LocalComment')  [ RunTime:0.000000s ]
SQL: SELECT `id`,`name` FROM `ot_addons` WHERE `status` = 1 AND `name` IN ('Iswaf')  [ RunTime:0.001000s ]
SQL: SELECT `id`,`name` FROM `ot_addons` WHERE `status` = 1 AND `name` IN ('CheckIn')  [ RunTime:0.000000s ]
SQL: SELECT `id`,`name` FROM `ot_addons` WHERE `status` = 1 AND `name` IN ('Support')  [ RunTime:0.000000s ]
SQL: SELECT `id`,`name` FROM `ot_addons` WHERE `status` = 1 AND `name` IN ('LocalComment')  [ RunTime:0.001000s ]
SQL: SELECT `id`,`name` FROM `ot_addons` WHERE `status` = 1 AND `name` IN ('SyncLogin')  [ RunTime:0.000000s ]
SQL: SELECT `id`,`name` FROM `ot_addons` WHERE `status` = 1 AND `name` IN ('SyncLogin')  [ RunTime:0.000000s ]
SQL: SELECT `id`,`name` FROM `ot_addons` WHERE `status` = 1 AND `name` IN ('ChinaCity')  [ RunTime:0.000000s ]
SQL: SELECT `id`,`name` FROM `ot_addons` WHERE `status` = 1 AND `name` IN ('SuperLinks')  [ RunTime:0.000000s ]
SQL: SELECT `id`,`name` FROM `ot_addons` WHERE `status` = 1 AND `name` IN ('InsertFile')  [ RunTime:0.000000s ]
SQL: SELECT `id`,`name` FROM `ot_addons` WHERE `status` = 1 AND `name` IN ('SyncLogin')  [ RunTime:0.001000s ]
SQL: SELECT `id`,`name` FROM `ot_addons` WHERE `status` = 1 AND `name` IN ('Retopic','Recommend')  [ RunTime:0.000000s ]
SQL: SELECT `id`,`name` FROM `ot_addons` WHERE `status` = 1 AND `name` IN ('Report')  [ RunTime:0.000000s ]
SQL: SELECT `id`,`name` FROM `ot_addons` WHERE `status` = 1 AND `name` IN ('CheckIn')  [ RunTime:0.000000s ]
SQL: SELECT `id`,`name` FROM `ot_addons` WHERE `status` = 1 AND `name` IN ('Sensitive')  [ RunTime:0.000000s ]
INFO: Run Common\Behavior\InitHookBehavior [ RunTime:0.039000s ]
INFO: [ app_init ] --END-- [ RunTime:0.039000s ]
NOTIC: [8] Undefined index: router D:\project\wechatApp\l.hangpaiSC.cn\php\Application\Common\Common\function.php 第 1988 行.
NOTIC: [8] Undefined index: router D:\project\wechatApp\l.hangpaiSC.cn\php\Application\Common\Common\function.php 第 1988 行.
NOTIC: [8] Undefined index: router D:\project\wechatApp\l.hangpaiSC.cn\php\Application\Common\Common\function.php 第 1988 行.
NOTIC: [8] Undefined index: router D:\project\wechatApp\l.hangpaiSC.cn\php\Application\Common\Common\function.php 第 1988 行.
NOTIC: [8] Undefined index: router D:\project\wechatApp\l.hangpaiSC.cn\php\Application\Common\Common\function.php 第 1988 行.
SQL: SHOW COLUMNS FROM `ot_config` [ RunTime:0.008000s ]
SQL: SELECT `value` FROM `ot_config` WHERE `name` = '_THEME_NOW_THEME' LIMIT 1   [ RunTime:0.000000s ]
SQL: SELECT `type`,`name`,`value` FROM `ot_config` WHERE `status` = 1  [ RunTime:0.000000s ]
INFO: [ app_begin ] --START--
INFO: Run Behavior\ReadHtmlCacheBehavior [ RunTime:0.000000s ]
INFO: Run Behavior\CheckLangBehavior [ RunTime:0.013000s ]
INFO: [ app_begin ] --END-- [ RunTime:0.013000s ]
NOTIC: [8192] mysql_connect(): The mysql extension is deprecated and will be removed in the future: use mysqli or PDO instead D:\project\wechatApp\l.hangpaiSC.cn\php\ThinkPHP\Library\Think\Session\Driver\Db.class.php 第 95 行.
SQL: SHOW COLUMNS FROM `ot_module` [ RunTime:0.007000s ]
SQL: SELECT `type`,`name`,`value` FROM `ot_config` WHERE `status` = 1  [ RunTime:0.001000s ]
SQL: SELECT * FROM `ot_module` WHERE `name` = 'Admin' LIMIT 1   [ RunTime:0.001000s ]
INFO: [ action_begin ] --START--
INFO: Run Common\Behavior\InitModuleInfoBehavior [ RunTime:0.000000s ]
INFO: [ action_begin ] --END-- [ RunTime:0.000000s ]
SQL: SELECT `value` FROM `ot_config` WHERE `name` = '_CONFIG_FIRST_USER_RUN' LIMIT 1   [ RunTime:0.000000s ]
SQL: SELECT `type`,`name`,`value` FROM `ot_config` WHERE `status` = 1  [ RunTime:0.001000s ]
SQL: SHOW COLUMNS FROM `ot_menu` [ RunTime:0.007000s ]
SQL: SELECT * FROM `ot_menu` WHERE `pid` = 0 AND `is_dev` = 0 ORDER BY sort asc  [ RunTime:0.000000s ]
SQL: SELECT DISTINCT  `group` FROM `ot_menu` WHERE ( pid = 10000 ) ORDER BY sort asc  [ RunTime:0.001000s ]
SQL: SELECT `id`,`url` FROM `ot_menu` WHERE `pid` = 10000 AND `hide` = 0 AND `is_dev` = 0  [ RunTime:0.001000s ]
SQL: SELECT `id`,`pid`,`title`,`url`,`tip` FROM `ot_menu` WHERE `group` = '设置' AND `pid` = 10000 AND `hide` = 0 AND `is_dev` = 0 ORDER BY sort asc  [ RunTime:0.000000s ]
SQL: SELECT `id`,`pid`,`title`,`url`,`tip` FROM `ot_menu` WHERE `group` = '用户与身份' AND `pid` = 10000 AND `hide` = 0 AND `is_dev` = 0 ORDER BY sort asc  [ RunTime:0.000000s ]
SQL: SELECT DISTINCT  `group` FROM `ot_menu` WHERE ( pid = 1 ) ORDER BY sort asc  [ RunTime:0.001000s ]
SQL: SELECT `id`,`url` FROM `ot_menu` WHERE `pid` = 1 AND `hide` = 0 AND `is_dev` = 0  [ RunTime:0.000000s ]
SQL: SELECT `id`,`pid`,`title`,`url`,`tip` FROM `ot_menu` WHERE `group` = '模块权限' AND `pid` = 1 AND `hide` = 0 AND `is_dev` = 0 ORDER BY sort asc  [ RunTime:0.001000s ]
SQL: SELECT `id`,`pid`,`title`,`url`,`tip` FROM `ot_menu` WHERE `group` = '系统首页' AND `pid` = 1 AND `hide` = 0 AND `is_dev` = 0 ORDER BY sort asc  [ RunTime:0.000000s ]
SQL: SELECT `id`,`pid`,`title`,`url`,`tip` FROM `ot_menu` WHERE `group` = '数据统计' AND `pid` = 1 AND `hide` = 0 AND `is_dev` = 0 ORDER BY sort asc  [ RunTime:0.001000s ]
SQL: SELECT DISTINCT  `group` FROM `ot_menu` WHERE ( pid = 2 ) ORDER BY sort asc  [ RunTime:0.000000s ]
SQL: SELECT `id`,`url` FROM `ot_menu` WHERE `pid` = 2 AND `hide` = 0 AND `is_dev` = 0  [ RunTime:0.001000s ]
SQL: SELECT `id`,`pid`,`title`,`url`,`tip` FROM `ot_menu` WHERE `group` = '头衔管理' AND `pid` = 2 AND `hide` = 0 AND `is_dev` = 0 ORDER BY sort asc  [ RunTime:0.000000s ]
SQL: SELECT `id`,`pid`,`title`,`url`,`tip` FROM `ot_menu` WHERE `group` = '身份管理' AND `pid` = 2 AND `hide` = 0 AND `is_dev` = 0 ORDER BY sort asc  [ RunTime:0.001000s ]
SQL: SELECT `id`,`pid`,`title`,`url`,`tip` FROM `ot_menu` WHERE `group` = '用户配置' AND `pid` = 2 AND `hide` = 0 AND `is_dev` = 0 ORDER BY sort asc  [ RunTime:0.000000s ]
SQL: SELECT `id`,`pid`,`title`,`url`,`tip` FROM `ot_menu` WHERE `group` = '' AND `pid` = 2 AND `hide` = 0 AND `is_dev` = 0 ORDER BY sort asc  [ RunTime:0.001000s ]
SQL: SELECT `id`,`pid`,`title`,`url`,`tip` FROM `ot_menu` WHERE `group` = '标签与资料' AND `pid` = 2 AND `hide` = 0 AND `is_dev` = 0 ORDER BY sort asc  [ RunTime:0.000000s ]
SQL: SELECT DISTINCT  `group` FROM `ot_menu` WHERE ( pid = 197 ) ORDER BY sort asc  [ RunTime:0.001000s ]
SQL: SELECT `id`,`url` FROM `ot_menu` WHERE `pid` = 197 AND `hide` = 0 AND `is_dev` = 0  [ RunTime:0.000000s ]
SQL: SELECT `id`,`pid`,`title`,`url`,`tip` FROM `ot_menu` WHERE `group` = '友链与公告' AND `pid` = 197 AND `hide` = 0 AND `is_dev` = 0 ORDER BY sort asc  [ RunTime:0.001000s ]
SQL: SELECT `id`,`pid`,`title`,`url`,`tip` FROM `ot_menu` WHERE `group` = '敏感词' AND `pid` = 197 AND `hide` = 0 AND `is_dev` = 0 ORDER BY sort asc  [ RunTime:0.000000s ]
SQL: SELECT `id`,`pid`,`title`,`url`,`tip` FROM `ot_menu` WHERE `group` = '图片管理' AND `pid` = 197 AND `hide` = 0 AND `is_dev` = 0 ORDER BY sort asc  [ RunTime:0.001000s ]
SQL: SELECT `id`,`pid`,`title`,`url`,`tip` FROM `ot_menu` WHERE `group` = '行为与积分' AND `pid` = 197 AND `hide` = 0 AND `is_dev` = 0 ORDER BY sort asc  [ RunTime:0.000000s ]
SQL: SELECT `id`,`pid`,`title`,`url`,`tip` FROM `ot_menu` WHERE `group` = '表情管理' AND `pid` = 197 AND `hide` = 0 AND `is_dev` = 0 ORDER BY sort asc  [ RunTime:0.000000s ]
SQL: SELECT `id`,`pid`,`title`,`url`,`tip` FROM `ot_menu` WHERE `group` = '' AND `pid` = 197 AND `hide` = 0 AND `is_dev` = 0 ORDER BY sort asc  [ RunTime:0.001000s ]
SQL: SELECT `id`,`pid`,`title`,`url`,`tip` FROM `ot_menu` WHERE `group` = '群发消息' AND `pid` = 197 AND `hide` = 0 AND `is_dev` = 0 ORDER BY sort asc  [ RunTime:0.000000s ]
SQL: SELECT `id`,`pid`,`title`,`url`,`tip` FROM `ot_menu` WHERE `group` = '邀请注册管理' AND `pid` = 197 AND `hide` = 0 AND `is_dev` = 0 ORDER BY sort asc  [ RunTime:0.001000s ]
SQL: SELECT `id`,`pid`,`title`,`url`,`tip` FROM `ot_menu` WHERE `group` = 'SEO管理' AND `pid` = 197 AND `hide` = 0 AND `is_dev` = 0 ORDER BY sort asc  [ RunTime:0.000000s ]
SQL: SELECT DISTINCT  `group` FROM `ot_menu` WHERE ( pid = 10102 ) ORDER BY sort asc  [ RunTime:0.001000s ]
SQL: SELECT `id`,`url` FROM `ot_menu` WHERE `pid` = 10102 AND `hide` = 0 AND `is_dev` = 0  [ RunTime:0.000000s ]
SQL: SELECT `id`,`pid`,`title`,`url`,`tip` FROM `ot_menu` WHERE `group` = '认证管理' AND `pid` = 10102 AND `hide` = 0 AND `is_dev` = 0 ORDER BY sort asc  [ RunTime:0.001000s ]
SQL: SELECT DISTINCT  `group` FROM `ot_menu` WHERE ( pid = 109 ) ORDER BY sort asc  [ RunTime:0.000000s ]
SQL: SELECT `id`,`url` FROM `ot_menu` WHERE `pid` = 109 AND `hide` = 0 AND `is_dev` = 0  [ RunTime:0.000000s ]
SQL: SELECT `id`,`pid`,`title`,`url`,`tip` FROM `ot_menu` WHERE `group` = '单点登录' AND `pid` = 109 AND `hide` = 0 AND `is_dev` = 0 ORDER BY sort asc  [ RunTime:0.000000s ]
SQL: SELECT DISTINCT  `group` FROM `ot_menu` WHERE ( pid = 74 ) ORDER BY sort asc  [ RunTime:0.000000s ]
SQL: SELECT `id`,`url` FROM `ot_menu` WHERE `pid` = 74 AND `hide` = 0 AND `is_dev` = 0  [ RunTime:0.001000s ]
SQL: SELECT `id`,`pid`,`title`,`url`,`tip` FROM `ot_menu` WHERE `group` = '消息管理' AND `pid` = 74 AND `hide` = 0 AND `is_dev` = 0 ORDER BY sort asc  [ RunTime:0.000000s ]
SQL: SELECT `id`,`pid`,`title`,`url`,`tip` FROM `ot_menu` WHERE `group` = '网站设置' AND `pid` = 74 AND `hide` = 0 AND `is_dev` = 0 ORDER BY sort asc  [ RunTime:0.001000s ]
SQL: SELECT `id`,`pid`,`title`,`url`,`tip` FROM `ot_menu` WHERE `group` = '导航管理' AND `pid` = 74 AND `hide` = 0 AND `is_dev` = 0 ORDER BY sort asc  [ RunTime:0.000000s ]
SQL: SELECT `id`,`pid`,`title`,`url`,`tip` FROM `ot_menu` WHERE `group` = '系统设置' AND `pid` = 74 AND `hide` = 0 AND `is_dev` = 0 ORDER BY sort asc  [ RunTime:0.001000s ]
SQL: SELECT `id`,`pid`,`title`,`url`,`tip` FROM `ot_menu` WHERE `group` = '网站数据管理' AND `pid` = 74 AND `hide` = 0 AND `is_dev` = 0 ORDER BY sort asc  [ RunTime:0.000000s ]
SQL: SELECT `id`,`pid`,`title`,`url`,`tip` FROM `ot_menu` WHERE `group` = '升级补丁' AND `pid` = 74 AND `hide` = 0 AND `is_dev` = 0 ORDER BY sort asc  [ RunTime:0.001000s ]
SQL: SELECT `id`,`pid`,`title`,`url`,`tip` FROM `ot_menu` WHERE `group` = '计划任务' AND `pid` = 74 AND `hide` = 0 AND `is_dev` = 0 ORDER BY sort asc  [ RunTime:0.000000s ]
SQL: SELECT `id`,`pid`,`title`,`url`,`tip` FROM `ot_menu` WHERE `group` = '群发消息' AND `pid` = 74 AND `hide` = 0 AND `is_dev` = 0 ORDER BY sort asc  [ RunTime:0.000000s ]
SQL: SELECT DISTINCT  `group` FROM `ot_menu` WHERE ( pid = 10073 ) ORDER BY sort asc  [ RunTime:0.000000s ]
SQL: SELECT `id`,`url` FROM `ot_menu` WHERE `pid` = 10073 AND `hide` = 0 AND `is_dev` = 0  [ RunTime:0.000000s ]
SQL: SELECT `id`,`pid`,`title`,`url`,`tip` FROM `ot_menu` WHERE `group` = '' AND `pid` = 10073 AND `hide` = 0 AND `is_dev` = 0 ORDER BY sort asc  [ RunTime:0.000000s ]
SQL: SELECT `id`,`pid`,`title`,`url`,`tip` FROM `ot_menu` WHERE `group` = '设置' AND `pid` = 10073 AND `hide` = 0 AND `is_dev` = 0 ORDER BY sort asc  [ RunTime:0.001000s ]
SQL: SELECT `id`,`pid`,`title`,`url`,`tip` FROM `ot_menu` WHERE `group` = '分类管理' AND `pid` = 10073 AND `hide` = 0 AND `is_dev` = 0 ORDER BY sort asc  [ RunTime:0.000000s ]
SQL: SELECT `id`,`pid`,`title`,`url`,`tip` FROM `ot_menu` WHERE `group` = '作品' AND `pid` = 10073 AND `hide` = 0 AND `is_dev` = 0 ORDER BY sort asc  [ RunTime:0.001000s ]
SQL: SELECT `id`,`pid`,`title`,`url`,`tip` FROM `ot_menu` WHERE `group` = '行业' AND `pid` = 10073 AND `hide` = 0 AND `is_dev` = 0 ORDER BY sort asc  [ RunTime:0.000000s ]
SQL: SELECT `id`,`pid`,`title`,`url`,`tip` FROM `ot_menu` WHERE `group` = '机构' AND `pid` = 10073 AND `hide` = 0 AND `is_dev` = 0 ORDER BY sort asc  [ RunTime:0.001000s ]
SQL: SELECT `id`,`pid`,`title`,`url`,`tip` FROM `ot_menu` WHERE `group` = '飞手' AND `pid` = 10073 AND `hide` = 0 AND `is_dev` = 0 ORDER BY sort asc  [ RunTime:0.000000s ]
SQL: SELECT `id`,`pid`,`title`,`url`,`tip` FROM `ot_menu` WHERE `group` = '回复' AND `pid` = 10073 AND `hide` = 0 AND `is_dev` = 0 ORDER BY sort asc  [ RunTime:0.001000s ]
SQL: SELECT DISTINCT  `group` FROM `ot_menu` WHERE ( pid = 105 ) ORDER BY sort asc  [ RunTime:0.000000s ]
SQL: SELECT `id`,`url` FROM `ot_menu` WHERE `pid` = 105 AND `hide` = 0 AND `is_dev` = 0  [ RunTime:0.001000s ]
SQL: SELECT `id`,`pid`,`title`,`url`,`tip` FROM `ot_menu` WHERE `group` = '云市场' AND `pid` = 105 AND `hide` = 0 AND `is_dev` = 0 ORDER BY sort asc  [ RunTime:0.000000s ]
SQL: SELECT `id`,`pid`,`title`,`url`,`tip` FROM `ot_menu` WHERE `group` = '本地' AND `pid` = 105 AND `hide` = 0 AND `is_dev` = 0 ORDER BY sort asc  [ RunTime:0.000000s ]
SQL: SHOW COLUMNS FROM `ot_addons` [ RunTime:0.006000s ]
SQL: SELECT `title`,`name` FROM `ot_addons` WHERE ( status=1 AND has_adminlist=1 )  [ RunTime:0.001000s ]
SQL: SELECT `id` FROM `ot_menu` WHERE ( url like 'Menu/index%' OR url like '%/Menu/index%'   ) LIMIT 1   [ RunTime:0.000000s ]
SQL: SHOW COLUMNS FROM `ot_menu` [ RunTime:0.006000s ]
SQL: SELECT `id`,`pid`,`title`,`url` FROM `ot_menu` WHERE ( id=82 ) LIMIT 1   [ RunTime:0.000000s ]
SQL: SELECT `id`,`pid`,`title`,`url` FROM `ot_menu` WHERE ( id=74 ) LIMIT 1   [ RunTime:0.000000s ]
SQL: SELECT DISTINCT  `group` FROM `ot_menu` WHERE ( pid = 74 ) ORDER BY sort asc  [ RunTime:0.001000s ]
SQL: SELECT `id`,`url` FROM `ot_menu` WHERE `pid` = 74 AND `hide` = 0 AND `is_dev` = 0  [ RunTime:0.001000s ]
SQL: SELECT `id`,`pid`,`title`,`url`,`tip`,`module` FROM `ot_menu` WHERE `group` = '消息管理' AND `pid` = 74 AND `hide` = 0 AND `is_dev` = 0 ORDER BY sort asc  [ RunTime:0.000000s ]
NOTIC: [8] Undefined index: module D:\project\wechatApp\l.hangpaiSC.cn\php\Application\Admin\Controller\AdminController.class.php 第 476 行.
SQL: SELECT `id`,`pid`,`title`,`url`,`tip`,`module` FROM `ot_menu` WHERE `group` = '网站设置' AND `pid` = 74 AND `hide` = 0 AND `is_dev` = 0 ORDER BY sort asc  [ RunTime:0.000000s ]
SQL: SELECT `id`,`pid`,`title`,`url`,`tip`,`module` FROM `ot_menu` WHERE `group` = '导航管理' AND `pid` = 74 AND `hide` = 0 AND `is_dev` = 0 ORDER BY sort asc  [ RunTime:0.000000s ]
SQL: SELECT `id`,`pid`,`title`,`url`,`tip`,`module` FROM `ot_menu` WHERE `group` = '系统设置' AND `pid` = 74 AND `hide` = 0 AND `is_dev` = 0 ORDER BY sort asc  [ RunTime:0.001000s ]
SQL: SELECT `id`,`pid`,`title`,`url`,`tip`,`module` FROM `ot_menu` WHERE `group` = '网站数据管理' AND `pid` = 74 AND `hide` = 0 AND `is_dev` = 0 ORDER BY sort asc  [ RunTime:0.000000s ]
SQL: SELECT `id`,`pid`,`title`,`url`,`tip`,`module` FROM `ot_menu` WHERE `group` = '升级补丁' AND `pid` = 74 AND `hide` = 0 AND `is_dev` = 0 ORDER BY sort asc  [ RunTime:0.000000s ]
SQL: SELECT `id`,`pid`,`title`,`url`,`tip`,`module` FROM `ot_menu` WHERE `group` = '计划任务' AND `pid` = 74 AND `hide` = 0 AND `is_dev` = 0 ORDER BY sort asc  [ RunTime:0.000000s ]
SQL: SELECT `id`,`pid`,`title`,`url`,`tip`,`module` FROM `ot_menu` WHERE `group` = '群发消息' AND `pid` = 74 AND `hide` = 0 AND `is_dev` = 0 ORDER BY sort asc  [ RunTime:0.000000s ]
SQL: SHOW COLUMNS FROM `ot_module` [ RunTime:0.007000s ]
SQL: SELECT * FROM `ot_module` WHERE `name` = 'Adv' LIMIT 1   [ RunTime:0.001000s ]
NOTIC: [8] Undefined variable: token D:\project\wechatApp\l.hangpaiSC.cn\php\Application\Common\Model\ModuleModel.class.php 第 232 行.
SQL: SELECT * FROM `ot_module` WHERE `name` = 'Announce' LIMIT 1   [ RunTime:0.000000s ]
NOTIC: [8] Undefined variable: token D:\project\wechatApp\l.hangpaiSC.cn\php\Application\Common\Model\ModuleModel.class.php 第 232 行.
SQL: SELECT * FROM `ot_module` WHERE `name` = 'Attest' LIMIT 1   [ RunTime:0.000000s ]
NOTIC: [8] Undefined variable: token D:\project\wechatApp\l.hangpaiSC.cn\php\Application\Common\Model\ModuleModel.class.php 第 232 行.
SQL: SELECT * FROM `ot_module` WHERE `name` = 'Core' LIMIT 1   [ RunTime:0.000000s ]
NOTIC: [8] Undefined variable: token D:\project\wechatApp\l.hangpaiSC.cn\php\Application\Common\Model\ModuleModel.class.php 第 232 行.
SQL: SELECT * FROM `ot_module` WHERE `name` = 'Home' LIMIT 1   [ RunTime:0.000000s ]
NOTIC: [8] Undefined variable: token D:\project\wechatApp\l.hangpaiSC.cn\php\Application\Common\Model\ModuleModel.class.php 第 232 行.
SQL: SELECT * FROM `ot_module` WHERE `name` = 'Manager' LIMIT 1   [ RunTime:0.000000s ]
NOTIC: [8] Undefined variable: token D:\project\wechatApp\l.hangpaiSC.cn\php\Application\Common\Model\ModuleModel.class.php 第 232 行.
SQL: SELECT * FROM `ot_module` WHERE `name` = 'People' LIMIT 1   [ RunTime:0.000000s ]
NOTIC: [8] Undefined variable: token D:\project\wechatApp\l.hangpaiSC.cn\php\Application\Common\Model\ModuleModel.class.php 第 232 行.
SQL: SELECT * FROM `ot_module` WHERE `name` = 'Ucenter' LIMIT 1   [ RunTime:0.000000s ]
NOTIC: [8] Undefined variable: token D:\project\wechatApp\l.hangpaiSC.cn\php\Application\Common\Model\ModuleModel.class.php 第 232 行.
SQL: SELECT * FROM `ot_module` WHERE `name` = 'Weibo' LIMIT 1   [ RunTime:0.000000s ]
NOTIC: [8] Undefined variable: token D:\project\wechatApp\l.hangpaiSC.cn\php\Application\Common\Model\ModuleModel.class.php 第 232 行.
SQL: SELECT * FROM `ot_menu` WHERE `module` = 'Adv' AND `pid` = 0 LIMIT 1   [ RunTime:0.001000s ]
SQL: SELECT * FROM `ot_menu` WHERE `module` = 'Announce' AND `pid` = 0 LIMIT 1   [ RunTime:0.000000s ]
SQL: SELECT * FROM `ot_menu` WHERE `module` = 'Attest' AND `pid` = 0 LIMIT 1   [ RunTime:0.000000s ]
SQL: SELECT DISTINCT  `group` FROM `ot_menu` WHERE ( pid = 10102 ) ORDER BY sort asc  [ RunTime:0.001000s ]
SQL: SELECT `id`,`url` FROM `ot_menu` WHERE `pid` = 10102 AND `hide` = 0 AND `is_dev` = 0  [ RunTime:0.000000s ]
SQL: SELECT `id`,`pid`,`title`,`url`,`tip` FROM `ot_menu` WHERE `group` = '认证管理' AND `pid` = 10102 AND `hide` = 0 AND `is_dev` = 0 ORDER BY sort asc  [ RunTime:0.001000s ]
SQL: SELECT * FROM `ot_menu` WHERE `module` = 'Home' AND `pid` = 0 LIMIT 1   [ RunTime:0.000000s ]
SQL: SELECT DISTINCT  `group` FROM `ot_menu` WHERE ( pid = 10000 ) ORDER BY sort asc  [ RunTime:0.000000s ]
SQL: SELECT `id`,`url` FROM `ot_menu` WHERE `pid` = 10000 AND `hide` = 0 AND `is_dev` = 0  [ RunTime:0.001000s ]
SQL: SELECT `id`,`pid`,`title`,`url`,`tip` FROM `ot_menu` WHERE `group` = '设置' AND `pid` = 10000 AND `hide` = 0 AND `is_dev` = 0 ORDER BY sort asc  [ RunTime:0.000000s ]
SQL: SELECT `id`,`pid`,`title`,`url`,`tip` FROM `ot_menu` WHERE `group` = '用户与身份' AND `pid` = 10000 AND `hide` = 0 AND `is_dev` = 0 ORDER BY sort asc  [ RunTime:0.000000s ]
SQL: SELECT * FROM `ot_menu` WHERE `module` = 'Manager' AND `pid` = 0 LIMIT 1   [ RunTime:0.001000s ]
SQL: SELECT * FROM `ot_menu` WHERE `module` = 'People' AND `pid` = 0 LIMIT 1   [ RunTime:0.000000s ]
SQL: SELECT * FROM `ot_menu` WHERE `module` = 'Ucenter' AND `pid` = 0 LIMIT 1   [ RunTime:0.000000s ]
SQL: SELECT * FROM `ot_menu` WHERE `module` = 'Weibo' AND `pid` = 0 LIMIT 1   [ RunTime:0.001000s ]
SQL: SELECT DISTINCT  `group` FROM `ot_menu` WHERE ( pid = 10073 ) ORDER BY sort asc  [ RunTime:0.000000s ]
SQL: SELECT `id`,`url` FROM `ot_menu` WHERE `pid` = 10073 AND `hide` = 0 AND `is_dev` = 0  [ RunTime:0.000000s ]
SQL: SELECT `id`,`pid`,`title`,`url`,`tip` FROM `ot_menu` WHERE `group` = '' AND `pid` = 10073 AND `hide` = 0 AND `is_dev` = 0 ORDER BY sort asc  [ RunTime:0.000000s ]
SQL: SELECT `id`,`pid`,`title`,`url`,`tip` FROM `ot_menu` WHERE `group` = '设置' AND `pid` = 10073 AND `hide` = 0 AND `is_dev` = 0 ORDER BY sort asc  [ RunTime:0.000000s ]
SQL: SELECT `id`,`pid`,`title`,`url`,`tip` FROM `ot_menu` WHERE `group` = '分类管理' AND `pid` = 10073 AND `hide` = 0 AND `is_dev` = 0 ORDER BY sort asc  [ RunTime:0.000000s ]
SQL: SELECT `id`,`pid`,`title`,`url`,`tip` FROM `ot_menu` WHERE `group` = '作品' AND `pid` = 10073 AND `hide` = 0 AND `is_dev` = 0 ORDER BY sort asc  [ RunTime:0.000000s ]
SQL: SELECT `id`,`pid`,`title`,`url`,`tip` FROM `ot_menu` WHERE `group` = '行业' AND `pid` = 10073 AND `hide` = 0 AND `is_dev` = 0 ORDER BY sort asc  [ RunTime:0.001000s ]
SQL: SELECT `id`,`pid`,`title`,`url`,`tip` FROM `ot_menu` WHERE `group` = '机构' AND `pid` = 10073 AND `hide` = 0 AND `is_dev` = 0 ORDER BY sort asc  [ RunTime:0.000000s ]
SQL: SELECT `id`,`pid`,`title`,`url`,`tip` FROM `ot_menu` WHERE `group` = '飞手' AND `pid` = 10073 AND `hide` = 0 AND `is_dev` = 0 ORDER BY sort asc  [ RunTime:0.000000s ]
SQL: SELECT `id`,`pid`,`title`,`url`,`tip` FROM `ot_menu` WHERE `group` = '回复' AND `pid` = 10073 AND `hide` = 0 AND `is_dev` = 0 ORDER BY sort asc  [ RunTime:0.000000s ]
SQL: SHOW COLUMNS FROM `ot_addons` [ RunTime:0.007000s ]
SQL: SHOW COLUMNS FROM `ot_version` [ RunTime:0.008000s ]
SQL: SELECT `id`,`title` FROM `ot_menu`  [ RunTime:0.000000s ]
SQL: SELECT `id`,`title`,`pid`,`sort`,`url`,`hide`,`tip`,`group`,`is_dev`,`icon`,`module` FROM `ot_menu` WHERE `pid` = 0 ORDER BY sort asc,id asc  [ RunTime:0.000000s ]
INFO: [ view_parse ] --START--
INFO: [ template_filter ] --START--
INFO: Run Behavior\ContentReplaceBehavior [ RunTime:0.001000s ]
INFO: [ template_filter ] --END-- [ RunTime:0.001000s ]
SQL: SELECT `value` FROM `ot_config` WHERE `name` = '_CONFIG_LOGO' LIMIT 1   [ RunTime:0.001000s ]
SQL: SELECT `type`,`name`,`value` FROM `ot_config` WHERE `status` = 1  [ RunTime:0.001000s ]
SQL: SELECT * FROM `ot_module` WHERE `name` = 'Admin' LIMIT 1   [ RunTime:0.000000s ]
INFO: [ action_begin ] --START--
INFO: Run Common\Behavior\InitModuleInfoBehavior [ RunTime:0.000000s ]
INFO: [ action_begin ] --END-- [ RunTime:-0.169000s ]
SQL: SHOW COLUMNS FROM `ot_avatar` [ RunTime:0.006000s ]
SQL: SELECT * FROM `ot_avatar` WHERE `uid` = 1 AND `status` = 1 AND `is_temp` = 0 LIMIT 1   [ RunTime:0.000000s ]
SQL: SELECT * FROM `ot_avatar` WHERE `uid` = 1 AND `status` = 1 AND `is_temp` = 0 LIMIT 1   [ RunTime:0.000000s ]
SQL: SELECT * FROM `ot_avatar` WHERE `uid` = 1 AND `status` = 1 AND `is_temp` = 0 LIMIT 1   [ RunTime:0.000000s ]
SQL: SELECT * FROM `ot_avatar` WHERE `uid` = 1 AND `status` = 1 AND `is_temp` = 0 LIMIT 1   [ RunTime:0.000000s ]
SQL: SELECT * FROM `ot_avatar` WHERE `uid` = 1 AND `status` = 1 AND `is_temp` = 0 LIMIT 1   [ RunTime:0.000000s ]
NOTIC: [8] Undefined index: admin_entry D:\project\wechatApp\l.hangpaiSC.cn\php\Runtime\Cache\Admin\bb7a8e934c375c95b37008bd83307ace.php 第 188 行.
NOTIC: [8] Undefined index: admin_entry D:\project\wechatApp\l.hangpaiSC.cn\php\Runtime\Cache\Admin\bb7a8e934c375c95b37008bd83307ace.php 第 188 行.
NOTIC: [8] Undefined index: admin_entry D:\project\wechatApp\l.hangpaiSC.cn\php\Runtime\Cache\Admin\bb7a8e934c375c95b37008bd83307ace.php 第 188 行.
SQL: SELECT `id` FROM `ot_menu` WHERE ( url like '%Menu/index' AND pid > 0 ) LIMIT 1   [ RunTime:0.001000s ]
NOTIC: [8] Array to string conversion D:\project\wechatApp\l.hangpaiSC.cn\php\Runtime\Cache\Admin\bb7a8e934c375c95b37008bd83307ace.php 第 265 行.
NOTIC: [8] Undefined variable: report D:\project\wechatApp\l.hangpaiSC.cn\php\Runtime\Cache\Admin\bb7a8e934c375c95b37008bd83307ace.php 第 584 行.
INFO: Run Behavior\ParseTemplateBehavior [ RunTime:0.267000s ]
INFO: [ view_parse ] --END-- [ RunTime:0.267000s ]
INFO: [ view_filter ] --START--
INFO: Run Behavior\WriteHtmlCacheBehavior [ RunTime:0.000000s ]
INFO: [ view_filter ] --END-- [ RunTime:0.000000s ]
INFO: [ app_end ] --START--
INFO: Run Behavior\ShowPageTraceBehavior [ RunTime:0.000000s ]
INFO: [ app_end ] --END-- [ RunTime:0.000000s ]

[ 2018-11-20T18:05:16+08:00 ] 127.0.0.1 /admin.php?s=/menu/index/pid/10102.html
INFO: [ app_init ] --START--
INFO: Run Behavior\BuildLiteBehavior [ RunTime:0.000000s ]
INFO: Run Common\Behavior\InitHookBehavior [ RunTime:0.003000s ]
INFO: [ app_init ] --END-- [ RunTime:0.003000s ]
NOTIC: [8] Undefined index: router D:\project\wechatApp\l.hangpaiSC.cn\php\Application\Common\Common\function.php 第 1988 行.
NOTIC: [8] Undefined index: router D:\project\wechatApp\l.hangpaiSC.cn\php\Application\Common\Common\function.php 第 1988 行.
NOTIC: [8] Undefined index: router D:\project\wechatApp\l.hangpaiSC.cn\php\Application\Common\Common\function.php 第 1988 行.
NOTIC: [8] Undefined index: router D:\project\wechatApp\l.hangpaiSC.cn\php\Application\Common\Common\function.php 第 1988 行.
NOTIC: [8] Undefined index: router D:\project\wechatApp\l.hangpaiSC.cn\php\Application\Common\Common\function.php 第 1988 行.
SQL: SHOW COLUMNS FROM `ot_config` [ RunTime:0.010000s ]
SQL: SELECT `type`,`name`,`value` FROM `ot_config` WHERE `status` = 1  [ RunTime:0.001000s ]
INFO: [ app_begin ] --START--
INFO: Run Behavior\ReadHtmlCacheBehavior [ RunTime:0.001000s ]
INFO: Run Behavior\CheckLangBehavior [ RunTime:0.018000s ]
INFO: [ app_begin ] --END-- [ RunTime:0.019000s ]
NOTIC: [8192] mysql_connect(): The mysql extension is deprecated and will be removed in the future: use mysqli or PDO instead D:\project\wechatApp\l.hangpaiSC.cn\php\ThinkPHP\Library\Think\Session\Driver\Db.class.php 第 95 行.
SQL: SHOW COLUMNS FROM `ot_module` [ RunTime:0.010000s ]
SQL: SELECT `type`,`name`,`value` FROM `ot_config` WHERE `status` = 1  [ RunTime:0.001000s ]
SQL: SELECT * FROM `ot_module` WHERE `name` = 'Admin' LIMIT 1   [ RunTime:0.000000s ]
INFO: [ action_begin ] --START--
INFO: Run Common\Behavior\InitModuleInfoBehavior [ RunTime:0.000000s ]
INFO: [ action_begin ] --END-- [ RunTime:0.000000s ]
NOTIC: [8] unserialize(): Error at offset 6578 of 9114 bytes D:\project\wechatApp\l.hangpaiSC.cn\php\ThinkPHP\Library\Think\Cache\Driver\File.class.php 第 104 行.
SQL: SELECT `type`,`name`,`value` FROM `ot_config` WHERE `status` = 1  [ RunTime:0.000000s ]
SQL: SHOW COLUMNS FROM `ot_version` [ RunTime:0.010000s ]
SQL: SHOW COLUMNS FROM `ot_menu` [ RunTime:0.010000s ]
SQL: SELECT `id`,`title`,`pid`,`sort`,`url`,`hide`,`tip`,`group`,`is_dev`,`icon`,`module` FROM `ot_menu` WHERE ( id=10102 ) LIMIT 1   [ RunTime:0.000000s ]
SQL: SELECT `id`,`title` FROM `ot_menu`  [ RunTime:0.001000s ]
SQL: SELECT `id`,`title`,`pid`,`sort`,`url`,`hide`,`tip`,`group`,`is_dev`,`icon`,`module` FROM `ot_menu` WHERE `pid` = 10102 ORDER BY sort asc,id asc  [ RunTime:0.000000s ]
INFO: [ view_parse ] --START--
INFO: [ template_filter ] --START--
INFO: Run Behavior\ContentReplaceBehavior [ RunTime:0.001000s ]
INFO: [ template_filter ] --END-- [ RunTime:0.001000s ]
SQL: SELECT `value` FROM `ot_config` WHERE `name` = '_CONFIG_LOGO' LIMIT 1   [ RunTime:0.000000s ]
NOTIC: [8] Undefined index: admin_entry D:\project\wechatApp\l.hangpaiSC.cn\php\Runtime\Cache\Admin\bb7a8e934c375c95b37008bd83307ace.php 第 188 行.
NOTIC: [8] Undefined index: admin_entry D:\project\wechatApp\l.hangpaiSC.cn\php\Runtime\Cache\Admin\bb7a8e934c375c95b37008bd83307ace.php 第 188 行.
NOTIC: [8] Undefined index: admin_entry D:\project\wechatApp\l.hangpaiSC.cn\php\Runtime\Cache\Admin\bb7a8e934c375c95b37008bd83307ace.php 第 188 行.
SQL: SELECT `id` FROM `ot_menu` WHERE ( url like '%Menu/index' AND pid > 0 ) LIMIT 1   [ RunTime:0.001000s ]
NOTIC: [8] Array to string conversion D:\project\wechatApp\l.hangpaiSC.cn\php\Runtime\Cache\Admin\bb7a8e934c375c95b37008bd83307ace.php 第 265 行.
NOTIC: [8] Undefined variable: report D:\project\wechatApp\l.hangpaiSC.cn\php\Runtime\Cache\Admin\bb7a8e934c375c95b37008bd83307ace.php 第 584 行.
INFO: Run Behavior\ParseTemplateBehavior [ RunTime:0.032000s ]
INFO: [ view_parse ] --END-- [ RunTime:0.032000s ]
INFO: [ view_filter ] --START--
INFO: Run Behavior\WriteHtmlCacheBehavior [ RunTime:0.001000s ]
INFO: [ view_filter ] --END-- [ RunTime:0.001000s ]
INFO: [ app_end ] --START--
INFO: Run Behavior\ShowPageTraceBehavior [ RunTime:0.000000s ]
INFO: [ app_end ] --END-- [ RunTime:0.000000s ]

[ 2018-11-20T18:05:32+08:00 ] 127.0.0.1 /admin.php?s=/menu/edit/id/10102.html
INFO: [ app_init ] --START--
INFO: Run Behavior\BuildLiteBehavior [ RunTime:0.000000s ]
INFO: Run Common\Behavior\InitHookBehavior [ RunTime:0.002000s ]
INFO: [ app_init ] --END-- [ RunTime:0.002000s ]
NOTIC: [8] Undefined index: router D:\project\wechatApp\l.hangpaiSC.cn\php\Application\Common\Common\function.php 第 1988 行.
NOTIC: [8] Undefined index: router D:\project\wechatApp\l.hangpaiSC.cn\php\Application\Common\Common\function.php 第 1988 行.
NOTIC: [8] Undefined index: router D:\project\wechatApp\l.hangpaiSC.cn\php\Application\Common\Common\function.php 第 1988 行.
NOTIC: [8] Undefined index: router D:\project\wechatApp\l.hangpaiSC.cn\php\Application\Common\Common\function.php 第 1988 行.
NOTIC: [8] Undefined index: router D:\project\wechatApp\l.hangpaiSC.cn\php\Application\Common\Common\function.php 第 1988 行.
SQL: SHOW COLUMNS FROM `ot_config` [ RunTime:0.007000s ]
SQL: SELECT `type`,`name`,`value` FROM `ot_config` WHERE `status` = 1  [ RunTime:0.001000s ]
INFO: [ app_begin ] --START--
INFO: Run Behavior\ReadHtmlCacheBehavior [ RunTime:0.000000s ]
INFO: Run Behavior\CheckLangBehavior [ RunTime:0.013000s ]
INFO: [ app_begin ] --END-- [ RunTime:0.013000s ]
NOTIC: [8192] mysql_connect(): The mysql extension is deprecated and will be removed in the future: use mysqli or PDO instead D:\project\wechatApp\l.hangpaiSC.cn\php\ThinkPHP\Library\Think\Session\Driver\Db.class.php 第 95 行.
SQL: SHOW COLUMNS FROM `ot_module` [ RunTime:0.008000s ]
SQL: SELECT `type`,`name`,`value` FROM `ot_config` WHERE `status` = 1  [ RunTime:0.000000s ]
SQL: SELECT * FROM `ot_module` WHERE `name` = 'Admin' LIMIT 1   [ RunTime:0.000000s ]
INFO: [ action_begin ] --START--
INFO: Run Common\Behavior\InitModuleInfoBehavior [ RunTime:0.001000s ]
INFO: [ action_begin ] --END-- [ RunTime:0.001000s ]
NOTIC: [8] unserialize(): Error at offset 6578 of 9114 bytes D:\project\wechatApp\l.hangpaiSC.cn\php\ThinkPHP\Library\Think\Cache\Driver\File.class.php 第 104 行.
SQL: SELECT `type`,`name`,`value` FROM `ot_config` WHERE `status` = 1  [ RunTime:0.000000s ]
SQL: SHOW COLUMNS FROM `ot_version` [ RunTime:0.007000s ]
SQL: SHOW COLUMNS FROM `ot_menu` [ RunTime:0.006000s ]
SQL: SELECT `id`,`title`,`pid`,`sort`,`url`,`hide`,`tip`,`group`,`is_dev`,`icon`,`module` FROM `ot_menu` WHERE `id` = 10102 LIMIT 1   [ RunTime:0.000000s ]
SQL: SELECT `id`,`title`,`pid`,`sort`,`url`,`hide`,`tip`,`group`,`is_dev`,`icon`,`module` FROM `ot_menu`  [ RunTime:0.001000s ]
SQL: SHOW COLUMNS FROM `ot_module` [ RunTime:0.007000s ]
INFO: [ view_parse ] --START--
INFO: [ template_filter ] --START--
INFO: Run Behavior\ContentReplaceBehavior [ RunTime:0.001000s ]
INFO: [ template_filter ] --END-- [ RunTime:0.001000s ]
SQL: SELECT `value` FROM `ot_config` WHERE `name` = '_CONFIG_LOGO' LIMIT 1   [ RunTime:0.000000s ]
NOTIC: [8] Undefined index: admin_entry D:\project\wechatApp\l.hangpaiSC.cn\php\Runtime\Cache\Admin\151da77bd8616a59e3ba3c42c31dca1a.php 第 188 行.
NOTIC: [8] Undefined index: admin_entry D:\project\wechatApp\l.hangpaiSC.cn\php\Runtime\Cache\Admin\151da77bd8616a59e3ba3c42c31dca1a.php 第 188 行.
NOTIC: [8] Undefined index: admin_entry D:\project\wechatApp\l.hangpaiSC.cn\php\Runtime\Cache\Admin\151da77bd8616a59e3ba3c42c31dca1a.php 第 188 行.
NOTIC: [8] Undefined variable: report D:\project\wechatApp\l.hangpaiSC.cn\php\Runtime\Cache\Admin\151da77bd8616a59e3ba3c42c31dca1a.php 第 545 行.
INFO: Run Behavior\ParseTemplateBehavior [ RunTime:0.042000s ]
INFO: [ view_parse ] --END-- [ RunTime:0.042000s ]
INFO: [ view_filter ] --START--
INFO: Run Behavior\WriteHtmlCacheBehavior [ RunTime:0.000000s ]
INFO: [ view_filter ] --END-- [ RunTime:0.000000s ]
INFO: [ app_end ] --START--
INFO: Run Behavior\ShowPageTraceBehavior [ RunTime:0.001000s ]
INFO: [ app_end ] --END-- [ RunTime:0.001000s ]

[ 2018-11-20T18:06:11+08:00 ] 127.0.0.1 /admin.php?s=/menu/index/pid/10102.html
INFO: [ app_init ] --START--
INFO: Run Behavior\BuildLiteBehavior [ RunTime:0.000000s ]
INFO: Run Common\Behavior\InitHookBehavior [ RunTime:0.002000s ]
INFO: [ app_init ] --END-- [ RunTime:0.002000s ]
NOTIC: [8] Undefined index: router D:\project\wechatApp\l.hangpaiSC.cn\php\Application\Common\Common\function.php 第 1988 行.
NOTIC: [8] Undefined index: router D:\project\wechatApp\l.hangpaiSC.cn\php\Application\Common\Common\function.php 第 1988 行.
NOTIC: [8] Undefined index: router D:\project\wechatApp\l.hangpaiSC.cn\php\Application\Common\Common\function.php 第 1988 行.
NOTIC: [8] Undefined index: router D:\project\wechatApp\l.hangpaiSC.cn\php\Application\Common\Common\function.php 第 1988 行.
NOTIC: [8] Undefined index: router D:\project\wechatApp\l.hangpaiSC.cn\php\Application\Common\Common\function.php 第 1988 行.
SQL: SHOW COLUMNS FROM `ot_config` [ RunTime:0.006000s ]
SQL: SELECT `type`,`name`,`value` FROM `ot_config` WHERE `status` = 1  [ RunTime:0.001000s ]
INFO: [ app_begin ] --START--
INFO: Run Behavior\ReadHtmlCacheBehavior [ RunTime:0.001000s ]
INFO: Run Behavior\CheckLangBehavior [ RunTime:0.012000s ]
INFO: [ app_begin ] --END-- [ RunTime:0.013000s ]
NOTIC: [8192] mysql_connect(): The mysql extension is deprecated and will be removed in the future: use mysqli or PDO instead D:\project\wechatApp\l.hangpaiSC.cn\php\ThinkPHP\Library\Think\Session\Driver\Db.class.php 第 95 行.
SQL: SHOW COLUMNS FROM `ot_module` [ RunTime:0.008000s ]
SQL: SELECT `type`,`name`,`value` FROM `ot_config` WHERE `status` = 1  [ RunTime:0.001000s ]
SQL: SELECT * FROM `ot_module` WHERE `name` = 'Admin' LIMIT 1   [ RunTime:0.000000s ]
INFO: [ action_begin ] --START--
INFO: Run Common\Behavior\InitModuleInfoBehavior [ RunTime:0.000000s ]
INFO: [ action_begin ] --END-- [ RunTime:0.000000s ]
NOTIC: [8] unserialize(): Error at offset 6578 of 9114 bytes D:\project\wechatApp\l.hangpaiSC.cn\php\ThinkPHP\Library\Think\Cache\Driver\File.class.php 第 104 行.
SQL: SELECT `type`,`name`,`value` FROM `ot_config` WHERE `status` = 1  [ RunTime:0.000000s ]
SQL: SHOW COLUMNS FROM `ot_version` [ RunTime:0.006000s ]
SQL: SHOW COLUMNS FROM `ot_menu` [ RunTime:0.006000s ]
SQL: SELECT `id`,`title`,`pid`,`sort`,`url`,`hide`,`tip`,`group`,`is_dev`,`icon`,`module` FROM `ot_menu` WHERE ( id=10102 ) LIMIT 1   [ RunTime:0.000000s ]
SQL: SELECT `id`,`title` FROM `ot_menu`  [ RunTime:0.001000s ]
SQL: SELECT `id`,`title`,`pid`,`sort`,`url`,`hide`,`tip`,`group`,`is_dev`,`icon`,`module` FROM `ot_menu` WHERE `pid` = 10102 ORDER BY sort asc,id asc  [ RunTime:0.001000s ]
INFO: [ view_parse ] --START--
INFO: [ template_filter ] --START--
INFO: Run Behavior\ContentReplaceBehavior [ RunTime:0.000000s ]
INFO: [ template_filter ] --END-- [ RunTime:0.000000s ]
SQL: SELECT `value` FROM `ot_config` WHERE `name` = '_CONFIG_LOGO' LIMIT 1   [ RunTime:0.000000s ]
NOTIC: [8] Undefined index: admin_entry D:\project\wechatApp\l.hangpaiSC.cn\php\Runtime\Cache\Admin\bb7a8e934c375c95b37008bd83307ace.php 第 188 行.
NOTIC: [8] Undefined index: admin_entry D:\project\wechatApp\l.hangpaiSC.cn\php\Runtime\Cache\Admin\bb7a8e934c375c95b37008bd83307ace.php 第 188 行.
NOTIC: [8] Undefined index: admin_entry D:\project\wechatApp\l.hangpaiSC.cn\php\Runtime\Cache\Admin\bb7a8e934c375c95b37008bd83307ace.php 第 188 行.
SQL: SELECT `id` FROM `ot_menu` WHERE ( url like '%Menu/index' AND pid > 0 ) LIMIT 1   [ RunTime:0.000000s ]
NOTIC: [8] Array to string conversion D:\project\wechatApp\l.hangpaiSC.cn\php\Runtime\Cache\Admin\bb7a8e934c375c95b37008bd83307ace.php 第 265 行.
NOTIC: [8] Undefined variable: report D:\project\wechatApp\l.hangpaiSC.cn\php\Runtime\Cache\Admin\bb7a8e934c375c95b37008bd83307ace.php 第 584 行.
INFO: Run Behavior\ParseTemplateBehavior [ RunTime:0.034000s ]
INFO: [ view_parse ] --END-- [ RunTime:0.034000s ]
INFO: [ view_filter ] --START--
INFO: Run Behavior\WriteHtmlCacheBehavior [ RunTime:0.001000s ]
INFO: [ view_filter ] --END-- [ RunTime:0.001000s ]
INFO: [ app_end ] --START--
INFO: Run Behavior\ShowPageTraceBehavior [ RunTime:0.001000s ]
INFO: [ app_end ] --END-- [ RunTime:0.001000s ]

[ 2018-11-20T18:06:18+08:00 ] 127.0.0.1 /admin.php?s=/menu/index/pid/10102.html
INFO: [ app_init ] --START--
INFO: Run Behavior\BuildLiteBehavior [ RunTime:0.000000s ]
INFO: Run Common\Behavior\InitHookBehavior [ RunTime:0.001000s ]
INFO: [ app_init ] --END-- [ RunTime:0.002000s ]
NOTIC: [8] Undefined index: router D:\project\wechatApp\l.hangpaiSC.cn\php\Application\Common\Common\function.php 第 1988 行.
NOTIC: [8] Undefined index: router D:\project\wechatApp\l.hangpaiSC.cn\php\Application\Common\Common\function.php 第 1988 行.
NOTIC: [8] Undefined index: router D:\project\wechatApp\l.hangpaiSC.cn\php\Application\Common\Common\function.php 第 1988 行.
NOTIC: [8] Undefined index: router D:\project\wechatApp\l.hangpaiSC.cn\php\Application\Common\Common\function.php 第 1988 行.
NOTIC: [8] Undefined index: router D:\project\wechatApp\l.hangpaiSC.cn\php\Application\Common\Common\function.php 第 1988 行.
SQL: SHOW COLUMNS FROM `ot_config` [ RunTime:0.006000s ]
SQL: SELECT `type`,`name`,`value` FROM `ot_config` WHERE `status` = 1  [ RunTime:0.000000s ]
INFO: [ app_begin ] --START--
INFO: Run Behavior\ReadHtmlCacheBehavior [ RunTime:0.001000s ]
INFO: Run Behavior\CheckLangBehavior [ RunTime:0.012000s ]
INFO: [ app_begin ] --END-- [ RunTime:0.013000s ]
NOTIC: [8192] mysql_connect(): The mysql extension is deprecated and will be removed in the future: use mysqli or PDO instead D:\project\wechatApp\l.hangpaiSC.cn\php\ThinkPHP\Library\Think\Session\Driver\Db.class.php 第 95 行.
SQL: SHOW COLUMNS FROM `ot_module` [ RunTime:0.007000s ]
SQL: SELECT `type`,`name`,`value` FROM `ot_config` WHERE `status` = 1  [ RunTime:0.001000s ]
SQL: SELECT * FROM `ot_module` WHERE `name` = 'Admin' LIMIT 1   [ RunTime:0.000000s ]
INFO: [ action_begin ] --START--
INFO: Run Common\Behavior\InitModuleInfoBehavior [ RunTime:0.000000s ]
INFO: [ action_begin ] --END-- [ RunTime:0.000000s ]
NOTIC: [8] unserialize(): Error at offset 6578 of 9114 bytes D:\project\wechatApp\l.hangpaiSC.cn\php\ThinkPHP\Library\Think\Cache\Driver\File.class.php 第 104 行.
SQL: SELECT `type`,`name`,`value` FROM `ot_config` WHERE `status` = 1  [ RunTime:0.001000s ]
SQL: SHOW COLUMNS FROM `ot_version` [ RunTime:0.006000s ]
SQL: SHOW COLUMNS FROM `ot_menu` [ RunTime:0.006000s ]
SQL: SELECT `id`,`title`,`pid`,`sort`,`url`,`hide`,`tip`,`group`,`is_dev`,`icon`,`module` FROM `ot_menu` WHERE ( id=10102 ) LIMIT 1   [ RunTime:0.001000s ]
SQL: SELECT `id`,`title` FROM `ot_menu`  [ RunTime:0.000000s ]
SQL: SELECT `id`,`title`,`pid`,`sort`,`url`,`hide`,`tip`,`group`,`is_dev`,`icon`,`module` FROM `ot_menu` WHERE `pid` = 10102 ORDER BY sort asc,id asc  [ RunTime:0.000000s ]
INFO: [ view_parse ] --START--
INFO: [ template_filter ] --START--
INFO: Run Behavior\ContentReplaceBehavior [ RunTime:0.001000s ]
INFO: [ template_filter ] --END-- [ RunTime:0.001000s ]
SQL: SELECT `value` FROM `ot_config` WHERE `name` = '_CONFIG_LOGO' LIMIT 1   [ RunTime:0.000000s ]
NOTIC: [8] Undefined index: admin_entry D:\project\wechatApp\l.hangpaiSC.cn\php\Runtime\Cache\Admin\bb7a8e934c375c95b37008bd83307ace.php 第 188 行.
NOTIC: [8] Undefined index: admin_entry D:\project\wechatApp\l.hangpaiSC.cn\php\Runtime\Cache\Admin\bb7a8e934c375c95b37008bd83307ace.php 第 188 行.
NOTIC: [8] Undefined index: admin_entry D:\project\wechatApp\l.hangpaiSC.cn\php\Runtime\Cache\Admin\bb7a8e934c375c95b37008bd83307ace.php 第 188 行.
SQL: SELECT `id` FROM `ot_menu` WHERE ( url like '%Menu/index' AND pid > 0 ) LIMIT 1   [ RunTime:0.001000s ]
NOTIC: [8] Array to string conversion D:\project\wechatApp\l.hangpaiSC.cn\php\Runtime\Cache\Admin\bb7a8e934c375c95b37008bd83307ace.php 第 265 行.
NOTIC: [8] Undefined variable: report D:\project\wechatApp\l.hangpaiSC.cn\php\Runtime\Cache\Admin\bb7a8e934c375c95b37008bd83307ace.php 第 584 行.
INFO: Run Behavior\ParseTemplateBehavior [ RunTime:0.034000s ]
INFO: [ view_parse ] --END-- [ RunTime:0.034000s ]
INFO: [ view_filter ] --START--
INFO: Run Behavior\WriteHtmlCacheBehavior [ RunTime:0.001000s ]
INFO: [ view_filter ] --END-- [ RunTime:0.001000s ]
INFO: [ app_end ] --START--
INFO: Run Behavior\ShowPageTraceBehavior [ RunTime:0.000000s ]
INFO: [ app_end ] --END-- [ RunTime:0.000000s ]

[ 2018-11-20T18:10:09+08:00 ] 127.0.0.1 /admin.php?s=/menu/index.html
INFO: [ app_init ] --START--
INFO: Run Behavior\BuildLiteBehavior [ RunTime:0.000000s ]
INFO: Run Common\Behavior\InitHookBehavior [ RunTime:0.001000s ]
INFO: [ app_init ] --END-- [ RunTime:0.001000s ]
NOTIC: [8] Undefined index: router D:\project\wechatApp\l.hangpaiSC.cn\php\Application\Common\Common\function.php 第 1988 行.
NOTIC: [8] Undefined index: router D:\project\wechatApp\l.hangpaiSC.cn\php\Application\Common\Common\function.php 第 1988 行.
NOTIC: [8] Undefined index: router D:\project\wechatApp\l.hangpaiSC.cn\php\Application\Common\Common\function.php 第 1988 行.
NOTIC: [8] Undefined index: router D:\project\wechatApp\l.hangpaiSC.cn\php\Application\Common\Common\function.php 第 1988 行.
NOTIC: [8] Undefined index: router D:\project\wechatApp\l.hangpaiSC.cn\php\Application\Common\Common\function.php 第 1988 行.
SQL: SHOW COLUMNS FROM `ot_config` [ RunTime:0.007000s ]
SQL: SELECT `type`,`name`,`value` FROM `ot_config` WHERE `status` = 1  [ RunTime:0.000000s ]
INFO: [ app_begin ] --START--
INFO: Run Behavior\ReadHtmlCacheBehavior [ RunTime:0.001000s ]
INFO: Run Behavior\CheckLangBehavior [ RunTime:0.012000s ]
INFO: [ app_begin ] --END-- [ RunTime:0.013000s ]
NOTIC: [8192] mysql_connect(): The mysql extension is deprecated and will be removed in the future: use mysqli or PDO instead D:\project\wechatApp\l.hangpaiSC.cn\php\ThinkPHP\Library\Think\Session\Driver\Db.class.php 第 95 行.
SQL: SHOW COLUMNS FROM `ot_module` [ RunTime:0.006000s ]
SQL: SELECT `type`,`name`,`value` FROM `ot_config` WHERE `status` = 1  [ RunTime:0.000000s ]
SQL: SELECT * FROM `ot_module` WHERE `name` = 'Admin' LIMIT 1   [ RunTime:0.000000s ]
INFO: [ action_begin ] --START--
INFO: Run Common\Behavior\InitModuleInfoBehavior [ RunTime:0.001000s ]
INFO: [ action_begin ] --END-- [ RunTime:0.001000s ]
NOTIC: [8] unserialize(): Error at offset 6578 of 9114 bytes D:\project\wechatApp\l.hangpaiSC.cn\php\ThinkPHP\Library\Think\Cache\Driver\File.class.php 第 104 行.
SQL: SELECT `type`,`name`,`value` FROM `ot_config` WHERE `status` = 1  [ RunTime:0.001000s ]
SQL: SHOW COLUMNS FROM `ot_version` [ RunTime:0.006000s ]
SQL: SHOW COLUMNS FROM `ot_menu` [ RunTime:0.006000s ]
SQL: SELECT `id`,`title` FROM `ot_menu`  [ RunTime:0.001000s ]
SQL: SELECT `id`,`title`,`pid`,`sort`,`url`,`hide`,`tip`,`group`,`is_dev`,`icon`,`module` FROM `ot_menu` WHERE `pid` = 0 ORDER BY sort asc,id asc  [ RunTime:0.001000s ]
INFO: [ view_parse ] --START--
INFO: [ template_filter ] --START--
INFO: Run Behavior\ContentReplaceBehavior [ RunTime:0.001000s ]
INFO: [ template_filter ] --END-- [ RunTime:0.001000s ]
SQL: SELECT `value` FROM `ot_config` WHERE `name` = '_CONFIG_LOGO' LIMIT 1   [ RunTime:0.001000s ]
NOTIC: [8] Undefined index: admin_entry D:\project\wechatApp\l.hangpaiSC.cn\php\Runtime\Cache\Admin\bb7a8e934c375c95b37008bd83307ace.php 第 188 行.
NOTIC: [8] Undefined index: admin_entry D:\project\wechatApp\l.hangpaiSC.cn\php\Runtime\Cache\Admin\bb7a8e934c375c95b37008bd83307ace.php 第 188 行.
NOTIC: [8] Undefined index: admin_entry D:\project\wechatApp\l.hangpaiSC.cn\php\Runtime\Cache\Admin\bb7a8e934c375c95b37008bd83307ace.php 第 188 行.
SQL: SELECT `id` FROM `ot_menu` WHERE ( url like '%Menu/index' AND pid > 0 ) LIMIT 1   [ RunTime:0.001000s ]
NOTIC: [8] Array to string conversion D:\project\wechatApp\l.hangpaiSC.cn\php\Runtime\Cache\Admin\bb7a8e934c375c95b37008bd83307ace.php 第 265 行.
NOTIC: [8] Undefined variable: report D:\project\wechatApp\l.hangpaiSC.cn\php\Runtime\Cache\Admin\bb7a8e934c375c95b37008bd83307ace.php 第 584 行.
INFO: Run Behavior\ParseTemplateBehavior [ RunTime:0.042000s ]
INFO: [ view_parse ] --END-- [ RunTime:0.042000s ]
INFO: [ view_filter ] --START--
INFO: Run Behavior\WriteHtmlCacheBehavior [ RunTime:0.000000s ]
INFO: [ view_filter ] --END-- [ RunTime:0.000000s ]
INFO: [ app_end ] --START--
INFO: Run Behavior\ShowPageTraceBehavior [ RunTime:0.001000s ]
INFO: [ app_end ] --END-- [ RunTime:0.001000s ]

[ 2018-11-20T18:11:44+08:00 ] 127.0.0.1 /admin.php?s=/user/index.html
INFO: [ app_init ] --START--
INFO: Run Behavior\BuildLiteBehavior [ RunTime:0.000000s ]
INFO: Run Common\Behavior\InitHookBehavior [ RunTime:0.002000s ]
INFO: [ app_init ] --END-- [ RunTime:0.002000s ]
NOTIC: [8] Undefined index: router D:\project\wechatApp\l.hangpaiSC.cn\php\Application\Common\Common\function.php 第 1988 行.
NOTIC: [8] Undefined index: router D:\project\wechatApp\l.hangpaiSC.cn\php\Application\Common\Common\function.php 第 1988 行.
NOTIC: [8] Undefined index: router D:\project\wechatApp\l.hangpaiSC.cn\php\Application\Common\Common\function.php 第 1988 行.
NOTIC: [8] Undefined index: router D:\project\wechatApp\l.hangpaiSC.cn\php\Application\Common\Common\function.php 第 1988 行.
NOTIC: [8] Undefined index: router D:\project\wechatApp\l.hangpaiSC.cn\php\Application\Common\Common\function.php 第 1988 行.
SQL: SHOW COLUMNS FROM `ot_config` [ RunTime:0.007000s ]
SQL: SELECT `type`,`name`,`value` FROM `ot_config` WHERE `status` = 1  [ RunTime:0.000000s ]
INFO: [ app_begin ] --START--
INFO: Run Behavior\ReadHtmlCacheBehavior [ RunTime:0.000000s ]
INFO: Run Behavior\CheckLangBehavior [ RunTime:0.012000s ]
INFO: [ app_begin ] --END-- [ RunTime:0.012000s ]
NOTIC: [8192] mysql_connect(): The mysql extension is deprecated and will be removed in the future: use mysqli or PDO instead D:\project\wechatApp\l.hangpaiSC.cn\php\ThinkPHP\Library\Think\Session\Driver\Db.class.php 第 95 行.
SQL: SHOW COLUMNS FROM `ot_module` [ RunTime:0.007000s ]
SQL: SELECT `type`,`name`,`value` FROM `ot_config` WHERE `status` = 1  [ RunTime:0.000000s ]
SQL: SELECT * FROM `ot_module` WHERE `name` = 'Admin' LIMIT 1   [ RunTime:0.000000s ]
INFO: [ action_begin ] --START--
INFO: Run Common\Behavior\InitModuleInfoBehavior [ RunTime:0.001000s ]
INFO: [ action_begin ] --END-- [ RunTime:0.001000s ]
NOTIC: [8] unserialize(): Error at offset 6578 of 9114 bytes D:\project\wechatApp\l.hangpaiSC.cn\php\ThinkPHP\Library\Think\Cache\Driver\File.class.php 第 104 行.
SQL: SELECT `type`,`name`,`value` FROM `ot_config` WHERE `status` = 1  [ RunTime:0.000000s ]
SQL: SHOW COLUMNS FROM `ot_menu` [ RunTime:0.006000s ]
SQL: SELECT * FROM `ot_menu` WHERE `pid` = 0 AND `is_dev` = 0 ORDER BY sort asc  [ RunTime:0.000000s ]
SQL: SELECT DISTINCT  `group` FROM `ot_menu` WHERE ( pid = 10000 ) ORDER BY sort asc  [ RunTime:0.001000s ]
SQL: SELECT `id`,`url` FROM `ot_menu` WHERE `pid` = 10000 AND `hide` = 0 AND `is_dev` = 0  [ RunTime:0.001000s ]
SQL: SELECT `id`,`pid`,`title`,`url`,`tip` FROM `ot_menu` WHERE `group` = '设置' AND `pid` = 10000 AND `hide` = 0 AND `is_dev` = 0 ORDER BY sort asc  [ RunTime:0.000000s ]
SQL: SELECT `id`,`pid`,`title`,`url`,`tip` FROM `ot_menu` WHERE `group` = '用户与身份' AND `pid` = 10000 AND `hide` = 0 AND `is_dev` = 0 ORDER BY sort asc  [ RunTime:0.000000s ]
SQL: SELECT DISTINCT  `group` FROM `ot_menu` WHERE ( pid = 1 ) ORDER BY sort asc  [ RunTime:0.000000s ]
SQL: SELECT `id`,`url` FROM `ot_menu` WHERE `pid` = 1 AND `hide` = 0 AND `is_dev` = 0  [ RunTime:0.000000s ]
SQL: SELECT `id`,`pid`,`title`,`url`,`tip` FROM `ot_menu` WHERE `group` = '模块权限' AND `pid` = 1 AND `hide` = 0 AND `is_dev` = 0 ORDER BY sort asc  [ RunTime:0.000000s ]
SQL: SELECT `id`,`pid`,`title`,`url`,`tip` FROM `ot_menu` WHERE `group` = '系统首页' AND `pid` = 1 AND `hide` = 0 AND `is_dev` = 0 ORDER BY sort asc  [ RunTime:0.000000s ]
SQL: SELECT `id`,`pid`,`title`,`url`,`tip` FROM `ot_menu` WHERE `group` = '数据统计' AND `pid` = 1 AND `hide` = 0 AND `is_dev` = 0 ORDER BY sort asc  [ RunTime:0.000000s ]
SQL: SELECT DISTINCT  `group` FROM `ot_menu` WHERE ( pid = 2 ) ORDER BY sort asc  [ RunTime:0.000000s ]
SQL: SELECT `id`,`url` FROM `ot_menu` WHERE `pid` = 2 AND `hide` = 0 AND `is_dev` = 0  [ RunTime:0.000000s ]
SQL: SELECT `id`,`pid`,`title`,`url`,`tip` FROM `ot_menu` WHERE `group` = '头衔管理' AND `pid` = 2 AND `hide` = 0 AND `is_dev` = 0 ORDER BY sort asc  [ RunTime:0.000000s ]
SQL: SELECT `id`,`pid`,`title`,`url`,`tip` FROM `ot_menu` WHERE `group` = '身份管理' AND `pid` = 2 AND `hide` = 0 AND `is_dev` = 0 ORDER BY sort asc  [ RunTime:0.000000s ]
SQL: SELECT `id`,`pid`,`title`,`url`,`tip` FROM `ot_menu` WHERE `group` = '用户配置' AND `pid` = 2 AND `hide` = 0 AND `is_dev` = 0 ORDER BY sort asc  [ RunTime:0.000000s ]
SQL: SELECT `id`,`pid`,`title`,`url`,`tip` FROM `ot_menu` WHERE `group` = '' AND `pid` = 2 AND `hide` = 0 AND `is_dev` = 0 ORDER BY sort asc  [ RunTime:0.000000s ]
SQL: SELECT `id`,`pid`,`title`,`url`,`tip` FROM `ot_menu` WHERE `group` = '标签与资料' AND `pid` = 2 AND `hide` = 0 AND `is_dev` = 0 ORDER BY sort asc  [ RunTime:0.000000s ]
SQL: SELECT DISTINCT  `group` FROM `ot_menu` WHERE ( pid = 197 ) ORDER BY sort asc  [ RunTime:0.001000s ]
SQL: SELECT `id`,`url` FROM `ot_menu` WHERE `pid` = 197 AND `hide` = 0 AND `is_dev` = 0  [ RunTime:0.000000s ]
SQL: SELECT `id`,`pid`,`title`,`url`,`tip` FROM `ot_menu` WHERE `group` = '友链与公告' AND `pid` = 197 AND `hide` = 0 AND `is_dev` = 0 ORDER BY sort asc  [ RunTime:0.001000s ]
SQL: SELECT `id`,`pid`,`title`,`url`,`tip` FROM `ot_menu` WHERE `group` = '敏感词' AND `pid` = 197 AND `hide` = 0 AND `is_dev` = 0 ORDER BY sort asc  [ RunTime:0.000000s ]
SQL: SELECT `id`,`pid`,`title`,`url`,`tip` FROM `ot_menu` WHERE `group` = '图片管理' AND `pid` = 197 AND `hide` = 0 AND `is_dev` = 0 ORDER BY sort asc  [ RunTime:0.001000s ]
SQL: SELECT `id`,`pid`,`title`,`url`,`tip` FROM `ot_menu` WHERE `group` = '行为与积分' AND `pid` = 197 AND `hide` = 0 AND `is_dev` = 0 ORDER BY sort asc  [ RunTime:0.000000s ]
SQL: SELECT `id`,`pid`,`title`,`url`,`tip` FROM `ot_menu` WHERE `group` = '表情管理' AND `pid` = 197 AND `hide` = 0 AND `is_dev` = 0 ORDER BY sort asc  [ RunTime:0.000000s ]
SQL: SELECT `id`,`pid`,`title`,`url`,`tip` FROM `ot_menu` WHERE `group` = '' AND `pid` = 197 AND `hide` = 0 AND `is_dev` = 0 ORDER BY sort asc  [ RunTime:0.000000s ]
SQL: SELECT `id`,`pid`,`title`,`url`,`tip` FROM `ot_menu` WHERE `group` = '群发消息' AND `pid` = 197 AND `hide` = 0 AND `is_dev` = 0 ORDER BY sort asc  [ RunTime:0.000000s ]
SQL: SELECT `id`,`pid`,`title`,`url`,`tip` FROM `ot_menu` WHERE `group` = '邀请注册管理' AND `pid` = 197 AND `hide` = 0 AND `is_dev` = 0 ORDER BY sort asc  [ RunTime:0.000000s ]
SQL: SELECT `id`,`pid`,`title`,`url`,`tip` FROM `ot_menu` WHERE `group` = 'SEO管理' AND `pid` = 197 AND `hide` = 0 AND `is_dev` = 0 ORDER BY sort asc  [ RunTime:0.000000s ]
SQL: SELECT DISTINCT  `group` FROM `ot_menu` WHERE ( pid = 10102 ) ORDER BY sort asc  [ RunTime:0.000000s ]
SQL: SELECT `id`,`url` FROM `ot_menu` WHERE `pid` = 10102 AND `hide` = 0 AND `is_dev` = 0  [ RunTime:0.001000s ]
SQL: SELECT `id`,`pid`,`title`,`url`,`tip` FROM `ot_menu` WHERE `group` = '认证管理' AND `pid` = 10102 AND `hide` = 0 AND `is_dev` = 0 ORDER BY sort asc  [ RunTime:0.000000s ]
SQL: SELECT DISTINCT  `group` FROM `ot_menu` WHERE ( pid = 109 ) ORDER BY sort asc  [ RunTime:0.000000s ]
SQL: SELECT `id`,`url` FROM `ot_menu` WHERE `pid` = 109 AND `hide` = 0 AND `is_dev` = 0  [ RunTime:0.000000s ]
SQL: SELECT `id`,`pid`,`title`,`url`,`tip` FROM `ot_menu` WHERE `group` = '单点登录' AND `pid` = 109 AND `hide` = 0 AND `is_dev` = 0 ORDER BY sort asc  [ RunTime:0.000000s ]
SQL: SELECT DISTINCT  `group` FROM `ot_menu` WHERE ( pid = 74 ) ORDER BY sort asc  [ RunTime:0.001000s ]
SQL: SELECT `id`,`url` FROM `ot_menu` WHERE `pid` = 74 AND `hide` = 0 AND `is_dev` = 0  [ RunTime:0.000000s ]
SQL: SELECT `id`,`pid`,`title`,`url`,`tip` FROM `ot_menu` WHERE `group` = '消息管理' AND `pid` = 74 AND `hide` = 0 AND `is_dev` = 0 ORDER BY sort asc  [ RunTime:0.001000s ]
SQL: SELECT `id`,`pid`,`title`,`url`,`tip` FROM `ot_menu` WHERE `group` = '网站设置' AND `pid` = 74 AND `hide` = 0 AND `is_dev` = 0 ORDER BY sort asc  [ RunTime:0.000000s ]
SQL: SELECT `id`,`pid`,`title`,`url`,`tip` FROM `ot_menu` WHERE `group` = '导航管理' AND `pid` = 74 AND `hide` = 0 AND `is_dev` = 0 ORDER BY sort asc  [ RunTime:0.001000s ]
SQL: SELECT `id`,`pid`,`title`,`url`,`tip` FROM `ot_menu` WHERE `group` = '系统设置' AND `pid` = 74 AND `hide` = 0 AND `is_dev` = 0 ORDER BY sort asc  [ RunTime:0.000000s ]
SQL: SELECT `id`,`pid`,`title`,`url`,`tip` FROM `ot_menu` WHERE `group` = '网站数据管理' AND `pid` = 74 AND `hide` = 0 AND `is_dev` = 0 ORDER BY sort asc  [ RunTime:0.001000s ]
SQL: SELECT `id`,`pid`,`title`,`url`,`tip` FROM `ot_menu` WHERE `group` = '升级补丁' AND `pid` = 74 AND `hide` = 0 AND `is_dev` = 0 ORDER BY sort asc  [ RunTime:0.000000s ]
SQL: SELECT `id`,`pid`,`title`,`url`,`tip` FROM `ot_menu` WHERE `group` = '计划任务' AND `pid` = 74 AND `hide` = 0 AND `is_dev` = 0 ORDER BY sort asc  [ RunTime:0.001000s ]
SQL: SELECT `id`,`pid`,`title`,`url`,`tip` FROM `ot_menu` WHERE `group` = '群发消息' AND `pid` = 74 AND `hide` = 0 AND `is_dev` = 0 ORDER BY sort asc  [ RunTime:0.000000s ]
SQL: SELECT DISTINCT  `group` FROM `ot_menu` WHERE ( pid = 10073 ) ORDER BY sort asc  [ RunTime:0.001000s ]
SQL: SELECT `id`,`url` FROM `ot_menu` WHERE `pid` = 10073 AND `hide` = 0 AND `is_dev` = 0  [ RunTime:0.000000s ]
SQL: SELECT `id`,`pid`,`title`,`url`,`tip` FROM `ot_menu` WHERE `group` = '' AND `pid` = 10073 AND `hide` = 0 AND `is_dev` = 0 ORDER BY sort asc  [ RunTime:0.001000s ]
SQL: SELECT `id`,`pid`,`title`,`url`,`tip` FROM `ot_menu` WHERE `group` = '设置' AND `pid` = 10073 AND `hide` = 0 AND `is_dev` = 0 ORDER BY sort asc  [ RunTime:0.000000s ]
SQL: SELECT `id`,`pid`,`title`,`url`,`tip` FROM `ot_menu` WHERE `group` = '分类管理' AND `pid` = 10073 AND `hide` = 0 AND `is_dev` = 0 ORDER BY sort asc  [ RunTime:0.000000s ]
SQL: SELECT `id`,`pid`,`title`,`url`,`tip` FROM `ot_menu` WHERE `group` = '作品' AND `pid` = 10073 AND `hide` = 0 AND `is_dev` = 0 ORDER BY sort asc  [ RunTime:0.000000s ]
SQL: SELECT `id`,`pid`,`title`,`url`,`tip` FROM `ot_menu` WHERE `group` = '行业' AND `pid` = 10073 AND `hide` = 0 AND `is_dev` = 0 ORDER BY sort asc  [ RunTime:0.000000s ]
SQL: SELECT `id`,`pid`,`title`,`url`,`tip` FROM `ot_menu` WHERE `group` = '机构' AND `pid` = 10073 AND `hide` = 0 AND `is_dev` = 0 ORDER BY sort asc  [ RunTime:0.000000s ]
SQL: SELECT `id`,`pid`,`title`,`url`,`tip` FROM `ot_menu` WHERE `group` = '飞手' AND `pid` = 10073 AND `hide` = 0 AND `is_dev` = 0 ORDER BY sort asc  [ RunTime:0.000000s ]
SQL: SELECT `id`,`pid`,`title`,`url`,`tip` FROM `ot_menu` WHERE `group` = '回复' AND `pid` = 10073 AND `hide` = 0 AND `is_dev` = 0 ORDER BY sort asc  [ RunTime:0.001000s ]
SQL: SELECT DISTINCT  `group` FROM `ot_menu` WHERE ( pid = 105 ) ORDER BY sort asc  [ RunTime:0.001000s ]
SQL: SELECT `id`,`url` FROM `ot_menu` WHERE `pid` = 105 AND `hide` = 0 AND `is_dev` = 0  [ RunTime:0.000000s ]
SQL: SELECT `id`,`pid`,`title`,`url`,`tip` FROM `ot_menu` WHERE `group` = '云市场' AND `pid` = 105 AND `hide` = 0 AND `is_dev` = 0 ORDER BY sort asc  [ RunTime:0.000000s ]
SQL: SELECT `id`,`pid`,`title`,`url`,`tip` FROM `ot_menu` WHERE `group` = '本地' AND `pid` = 105 AND `hide` = 0 AND `is_dev` = 0 ORDER BY sort asc  [ RunTime:0.000000s ]
SQL: SHOW COLUMNS FROM `ot_addons` [ RunTime:0.006000s ]
SQL: SELECT `id` FROM `ot_menu` WHERE ( url like 'User/index%' OR url like '%/User/index%'   ) LIMIT 1   [ RunTime:0.000000s ]
SQL: SHOW COLUMNS FROM `ot_menu` [ RunTime:0.006000s ]
SQL: SELECT `id`,`pid`,`title`,`url` FROM `ot_menu` WHERE ( id=2 ) LIMIT 1   [ RunTime:0.000000s ]
SQL: SELECT DISTINCT  `group` FROM `ot_menu` WHERE ( pid = 2 ) ORDER BY sort asc  [ RunTime:0.001000s ]
SQL: SELECT `id`,`url` FROM `ot_menu` WHERE `pid` = 2 AND `hide` = 0 AND `is_dev` = 0  [ RunTime:0.000000s ]
SQL: SELECT `id`,`pid`,`title`,`url`,`tip`,`module` FROM `ot_menu` WHERE `group` = '头衔管理' AND `pid` = 2 AND `hide` = 0 AND `is_dev` = 0 ORDER BY sort asc  [ RunTime:0.000000s ]
NOTIC: [8] Undefined index: module D:\project\wechatApp\l.hangpaiSC.cn\php\Application\Admin\Controller\AdminController.class.php 第 476 行.
SQL: SELECT `id`,`pid`,`title`,`url`,`tip`,`module` FROM `ot_menu` WHERE `group` = '身份管理' AND `pid` = 2 AND `hide` = 0 AND `is_dev` = 0 ORDER BY sort asc  [ RunTime:0.001000s ]
SQL: SELECT `id`,`pid`,`title`,`url`,`tip`,`module` FROM `ot_menu` WHERE `group` = '用户配置' AND `pid` = 2 AND `hide` = 0 AND `is_dev` = 0 ORDER BY sort asc  [ RunTime:0.000000s ]
SQL: SELECT `id`,`pid`,`title`,`url`,`tip`,`module` FROM `ot_menu` WHERE `group` = '' AND `pid` = 2 AND `hide` = 0 AND `is_dev` = 0 ORDER BY sort asc  [ RunTime:0.001000s ]
SQL: SELECT `id`,`pid`,`title`,`url`,`tip`,`module` FROM `ot_menu` WHERE `group` = '标签与资料' AND `pid` = 2 AND `hide` = 0 AND `is_dev` = 0 ORDER BY sort asc  [ RunTime:0.000000s ]
SQL: SHOW COLUMNS FROM `ot_version` [ RunTime:0.006000s ]
SQL: SHOW COLUMNS FROM `ot_member` [ RunTime:0.007000s ]
SQL: SELECT COUNT(*) AS tp_count FROM `ot_member` WHERE `status` >= 0 AND `is_manager` = 0 LIMIT 1   [ RunTime:0.000000s ]
SQL: SELECT `uid`,`nickname`,`sex`,`birthday`,`qq`,`login`,`reg_ip`,`reg_time`,`last_login_ip`,`last_login_time`,`status`,`last_login_role`,`show_role`,`signature`,`pos_province`,`pos_city`,`pos_district`,`pos_community`,`score1`,`score2`,`score3`,`score4`,`con_check`,`total_check`,`fans`,`session_id`,`alive_line`,`token`,`openid`,`phone`,`is_manager` FROM `ot_member` WHERE `status` >= 0 AND `is_manager` = 0 ORDER BY uid desc LIMIT 0,10   [ RunTime:0.000000s ]
SQL: select username,email,mobile from `ot_member`,`ot_ucenter_member` where uid=id and uid=101 limit 1 [ RunTime:0.001000s ]
SQL: SHOW COLUMNS FROM `ot_register` [ RunTime:0.007000s ]
SQL: SELECT * FROM `ot_register` WHERE `uid` = 101 LIMIT 1   [ RunTime:0.011000s ]
INFO: [ view_parse ] --START--
INFO: [ template_filter ] --START--
INFO: Run Behavior\ContentReplaceBehavior [ RunTime:0.001000s ]
INFO: [ template_filter ] --END-- [ RunTime:0.001000s ]
SQL: SELECT `value` FROM `ot_config` WHERE `name` = '_CONFIG_LOGO' LIMIT 1   [ RunTime:0.001000s ]
NOTIC: [8] Undefined index: admin_entry D:\project\wechatApp\l.hangpaiSC.cn\php\Runtime\Cache\Admin\26aaa567eb9acdbcb9e2554cd2626e00.php 第 188 行.
NOTIC: [8] Undefined index: admin_entry D:\project\wechatApp\l.hangpaiSC.cn\php\Runtime\Cache\Admin\26aaa567eb9acdbcb9e2554cd2626e00.php 第 188 行.
NOTIC: [8] Undefined index: admin_entry D:\project\wechatApp\l.hangpaiSC.cn\php\Runtime\Cache\Admin\26aaa567eb9acdbcb9e2554cd2626e00.php 第 188 行.
SQL: SELECT `id` FROM `ot_menu` WHERE ( url like '%User/index' AND pid > 0 ) LIMIT 1   [ RunTime:0.000000s ]
NOTIC: [8] Array to string conversion D:\project\wechatApp\l.hangpaiSC.cn\php\Runtime\Cache\Admin\26aaa567eb9acdbcb9e2554cd2626e00.php 第 265 行.
NOTIC: [8] Undefined variable: vo D:\project\wechatApp\l.hangpaiSC.cn\php\Runtime\Cache\Admin\26aaa567eb9acdbcb9e2554cd2626e00.php 第 367 行.
NOTIC: [8] Undefined variable: report D:\project\wechatApp\l.hangpaiSC.cn\php\Runtime\Cache\Admin\26aaa567eb9acdbcb9e2554cd2626e00.php 第 622 行.
INFO: Run Behavior\ParseTemplateBehavior [ RunTime:0.046000s ]
INFO: [ view_parse ] --END-- [ RunTime:0.046000s ]
INFO: [ view_filter ] --START--
INFO: Run Behavior\WriteHtmlCacheBehavior [ RunTime:0.000000s ]
INFO: [ view_filter ] --END-- [ RunTime:0.000000s ]
INFO: [ app_end ] --START--
INFO: Run Behavior\ShowPageTraceBehavior [ RunTime:0.000000s ]
INFO: [ app_end ] --END-- [ RunTime:0.000000s ]

[ 2018-11-20T18:13:51+08:00 ] 127.0.0.1 /admin.php?s=/index/index.html
INFO: [ app_init ] --START--
INFO: Run Behavior\BuildLiteBehavior [ RunTime:0.000000s ]
INFO: Run Common\Behavior\InitHookBehavior [ RunTime:0.001000s ]
INFO: [ app_init ] --END-- [ RunTime:0.001000s ]
NOTIC: [8] Undefined index: router D:\project\wechatApp\l.hangpaiSC.cn\php\Application\Common\Common\function.php 第 1988 行.
NOTIC: [8] Undefined index: router D:\project\wechatApp\l.hangpaiSC.cn\php\Application\Common\Common\function.php 第 1988 行.
NOTIC: [8] Undefined index: router D:\project\wechatApp\l.hangpaiSC.cn\php\Application\Common\Common\function.php 第 1988 行.
NOTIC: [8] Undefined index: router D:\project\wechatApp\l.hangpaiSC.cn\php\Application\Common\Common\function.php 第 1988 行.
NOTIC: [8] Undefined index: router D:\project\wechatApp\l.hangpaiSC.cn\php\Application\Common\Common\function.php 第 1988 行.
SQL: SHOW COLUMNS FROM `ot_config` [ RunTime:0.006000s ]
SQL: SELECT `type`,`name`,`value` FROM `ot_config` WHERE `status` = 1  [ RunTime:0.001000s ]
INFO: [ app_begin ] --START--
INFO: Run Behavior\ReadHtmlCacheBehavior [ RunTime:0.000000s ]
INFO: Run Behavior\CheckLangBehavior [ RunTime:0.012000s ]
INFO: [ app_begin ] --END-- [ RunTime:0.012000s ]
NOTIC: [8192] mysql_connect(): The mysql extension is deprecated and will be removed in the future: use mysqli or PDO instead D:\project\wechatApp\l.hangpaiSC.cn\php\ThinkPHP\Library\Think\Session\Driver\Db.class.php 第 95 行.
SQL: SHOW COLUMNS FROM `ot_module` [ RunTime:0.006000s ]
SQL: SELECT `type`,`name`,`value` FROM `ot_config` WHERE `status` = 1  [ RunTime:0.001000s ]
SQL: SELECT * FROM `ot_module` WHERE `name` = 'Admin' LIMIT 1   [ RunTime:0.001000s ]
INFO: [ action_begin ] --START--
INFO: Run Common\Behavior\InitModuleInfoBehavior [ RunTime:0.000000s ]
INFO: [ action_begin ] --END-- [ RunTime:0.000000s ]
NOTIC: [8] unserialize(): Error at offset 6578 of 9114 bytes D:\project\wechatApp\l.hangpaiSC.cn\php\ThinkPHP\Library\Think\Cache\Driver\File.class.php 第 104 行.
SQL: SELECT `type`,`name`,`value` FROM `ot_config` WHERE `status` = 1  [ RunTime:0.000000s ]
SQL: SHOW COLUMNS FROM `ot_menu` [ RunTime:0.006000s ]
SQL: SELECT * FROM `ot_menu` WHERE `pid` = 0 AND `is_dev` = 0 ORDER BY sort asc  [ RunTime:0.001000s ]
SQL: SELECT DISTINCT  `group` FROM `ot_menu` WHERE ( pid = 10000 ) ORDER BY sort asc  [ RunTime:0.001000s ]
SQL: SELECT `id`,`url` FROM `ot_menu` WHERE `pid` = 10000 AND `hide` = 0 AND `is_dev` = 0  [ RunTime:0.000000s ]
SQL: SELECT `id`,`pid`,`title`,`url`,`tip` FROM `ot_menu` WHERE `group` = '设置' AND `pid` = 10000 AND `hide` = 0 AND `is_dev` = 0 ORDER BY sort asc  [ RunTime:0.000000s ]
SQL: SELECT `id`,`pid`,`title`,`url`,`tip` FROM `ot_menu` WHERE `group` = '用户与身份' AND `pid` = 10000 AND `hide` = 0 AND `is_dev` = 0 ORDER BY sort asc  [ RunTime:0.000000s ]
SQL: SELECT DISTINCT  `group` FROM `ot_menu` WHERE ( pid = 1 ) ORDER BY sort asc  [ RunTime:0.000000s ]
SQL: SELECT `id`,`url` FROM `ot_menu` WHERE `pid` = 1 AND `hide` = 0 AND `is_dev` = 0  [ RunTime:0.001000s ]
SQL: SELECT `id`,`pid`,`title`,`url`,`tip` FROM `ot_menu` WHERE `group` = '模块权限' AND `pid` = 1 AND `hide` = 0 AND `is_dev` = 0 ORDER BY sort asc  [ RunTime:0.000000s ]
SQL: SELECT `id`,`pid`,`title`,`url`,`tip` FROM `ot_menu` WHERE `group` = '系统首页' AND `pid` = 1 AND `hide` = 0 AND `is_dev` = 0 ORDER BY sort asc  [ RunTime:0.001000s ]
SQL: SELECT `id`,`pid`,`title`,`url`,`tip` FROM `ot_menu` WHERE `group` = '数据统计' AND `pid` = 1 AND `hide` = 0 AND `is_dev` = 0 ORDER BY sort asc  [ RunTime:0.000000s ]
SQL: SELECT DISTINCT  `group` FROM `ot_menu` WHERE ( pid = 2 ) ORDER BY sort asc  [ RunTime:0.001000s ]
SQL: SELECT `id`,`url` FROM `ot_menu` WHERE `pid` = 2 AND `hide` = 0 AND `is_dev` = 0  [ RunTime:0.000000s ]
SQL: SELECT `id`,`pid`,`title`,`url`,`tip` FROM `ot_menu` WHERE `group` = '头衔管理' AND `pid` = 2 AND `hide` = 0 AND `is_dev` = 0 ORDER BY sort asc  [ RunTime:0.001000s ]
SQL: SELECT `id`,`pid`,`title`,`url`,`tip` FROM `ot_menu` WHERE `group` = '身份管理' AND `pid` = 2 AND `hide` = 0 AND `is_dev` = 0 ORDER BY sort asc  [ RunTime:0.000000s ]
SQL: SELECT `id`,`pid`,`title`,`url`,`tip` FROM `ot_menu` WHERE `group` = '用户配置' AND `pid` = 2 AND `hide` = 0 AND `is_dev` = 0 ORDER BY sort asc  [ RunTime:0.001000s ]
SQL: SELECT `id`,`pid`,`title`,`url`,`tip` FROM `ot_menu` WHERE `group` = '' AND `pid` = 2 AND `hide` = 0 AND `is_dev` = 0 ORDER BY sort asc  [ RunTime:0.000000s ]
SQL: SELECT `id`,`pid`,`title`,`url`,`tip` FROM `ot_menu` WHERE `group` = '标签与资料' AND `pid` = 2 AND `hide` = 0 AND `is_dev` = 0 ORDER BY sort asc  [ RunTime:0.001000s ]
SQL: SELECT DISTINCT  `group` FROM `ot_menu` WHERE ( pid = 197 ) ORDER BY sort asc  [ RunTime:0.000000s ]
SQL: SELECT `id`,`url` FROM `ot_menu` WHERE `pid` = 197 AND `hide` = 0 AND `is_dev` = 0  [ RunTime:0.001000s ]
SQL: SELECT `id`,`pid`,`title`,`url`,`tip` FROM `ot_menu` WHERE `group` = '友链与公告' AND `pid` = 197 AND `hide` = 0 AND `is_dev` = 0 ORDER BY sort asc  [ RunTime:0.000000s ]
SQL: SELECT `id`,`pid`,`title`,`url`,`tip` FROM `ot_menu` WHERE `group` = '敏感词' AND `pid` = 197 AND `hide` = 0 AND `is_dev` = 0 ORDER BY sort asc  [ RunTime:0.000000s ]
SQL: SELECT `id`,`pid`,`title`,`url`,`tip` FROM `ot_menu` WHERE `group` = '图片管理' AND `pid` = 197 AND `hide` = 0 AND `is_dev` = 0 ORDER BY sort asc  [ RunTime:0.000000s ]
SQL: SELECT `id`,`pid`,`title`,`url`,`tip` FROM `ot_menu` WHERE `group` = '行为与积分' AND `pid` = 197 AND `hide` = 0 AND `is_dev` = 0 ORDER BY sort asc  [ RunTime:0.000000s ]
SQL: SELECT `id`,`pid`,`title`,`url`,`tip` FROM `ot_menu` WHERE `group` = '表情管理' AND `pid` = 197 AND `hide` = 0 AND `is_dev` = 0 ORDER BY sort asc  [ RunTime:0.001000s ]
SQL: SELECT `id`,`pid`,`title`,`url`,`tip` FROM `ot_menu` WHERE `group` = '' AND `pid` = 197 AND `hide` = 0 AND `is_dev` = 0 ORDER BY sort asc  [ RunTime:0.000000s ]
SQL: SELECT `id`,`pid`,`title`,`url`,`tip` FROM `ot_menu` WHERE `group` = '群发消息' AND `pid` = 197 AND `hide` = 0 AND `is_dev` = 0 ORDER BY sort asc  [ RunTime:0.001000s ]
SQL: SELECT `id`,`pid`,`title`,`url`,`tip` FROM `ot_menu` WHERE `group` = '邀请注册管理' AND `pid` = 197 AND `hide` = 0 AND `is_dev` = 0 ORDER BY sort asc  [ RunTime:0.000000s ]
SQL: SELECT `id`,`pid`,`title`,`url`,`tip` FROM `ot_menu` WHERE `group` = 'SEO管理' AND `pid` = 197 AND `hide` = 0 AND `is_dev` = 0 ORDER BY sort asc  [ RunTime:0.001000s ]
SQL: SELECT DISTINCT  `group` FROM `ot_menu` WHERE ( pid = 10102 ) ORDER BY sort asc  [ RunTime:0.000000s ]
SQL: SELECT `id`,`url` FROM `ot_menu` WHERE `pid` = 10102 AND `hide` = 0 AND `is_dev` = 0  [ RunTime:0.001000s ]
SQL: SELECT `id`,`pid`,`title`,`url`,`tip` FROM `ot_menu` WHERE `group` = '认证管理' AND `pid` = 10102 AND `hide` = 0 AND `is_dev` = 0 ORDER BY sort asc  [ RunTime:0.000000s ]
SQL: SELECT DISTINCT  `group` FROM `ot_menu` WHERE ( pid = 109 ) ORDER BY sort asc  [ RunTime:0.001000s ]
SQL: SELECT `id`,`url` FROM `ot_menu` WHERE `pid` = 109 AND `hide` = 0 AND `is_dev` = 0  [ RunTime:0.000000s ]
SQL: SELECT `id`,`pid`,`title`,`url`,`tip` FROM `ot_menu` WHERE `group` = '单点登录' AND `pid` = 109 AND `hide` = 0 AND `is_dev` = 0 ORDER BY sort asc  [ RunTime:0.000000s ]
SQL: SELECT DISTINCT  `group` FROM `ot_menu` WHERE ( pid = 74 ) ORDER BY sort asc  [ RunTime:0.001000s ]
SQL: SELECT `id`,`url` FROM `ot_menu` WHERE `pid` = 74 AND `hide` = 0 AND `is_dev` = 0  [ RunTime:0.000000s ]
SQL: SELECT `id`,`pid`,`title`,`url`,`tip` FROM `ot_menu` WHERE `group` = '消息管理' AND `pid` = 74 AND `hide` = 0 AND `is_dev` = 0 ORDER BY sort asc  [ RunTime:0.000000s ]
SQL: SELECT `id`,`pid`,`title`,`url`,`tip` FROM `ot_menu` WHERE `group` = '网站设置' AND `pid` = 74 AND `hide` = 0 AND `is_dev` = 0 ORDER BY sort asc  [ RunTime:0.000000s ]
SQL: SELECT `id`,`pid`,`title`,`url`,`tip` FROM `ot_menu` WHERE `group` = '导航管理' AND `pid` = 74 AND `hide` = 0 AND `is_dev` = 0 ORDER BY sort asc  [ RunTime:0.000000s ]
SQL: SELECT `id`,`pid`,`title`,`url`,`tip` FROM `ot_menu` WHERE `group` = '系统设置' AND `pid` = 74 AND `hide` = 0 AND `is_dev` = 0 ORDER BY sort asc  [ RunTime:0.001000s ]
SQL: SELECT `id`,`pid`,`title`,`url`,`tip` FROM `ot_menu` WHERE `group` = '网站数据管理' AND `pid` = 74 AND `hide` = 0 AND `is_dev` = 0 ORDER BY sort asc  [ RunTime:0.000000s ]
SQL: SELECT `id`,`pid`,`title`,`url`,`tip` FROM `ot_menu` WHERE `group` = '升级补丁' AND `pid` = 74 AND `hide` = 0 AND `is_dev` = 0 ORDER BY sort asc  [ RunTime:0.001000s ]
SQL: SELECT `id`,`pid`,`title`,`url`,`tip` FROM `ot_menu` WHERE `group` = '计划任务' AND `pid` = 74 AND `hide` = 0 AND `is_dev` = 0 ORDER BY sort asc  [ RunTime:0.000000s ]
SQL: SELECT `id`,`pid`,`title`,`url`,`tip` FROM `ot_menu` WHERE `group` = '群发消息' AND `pid` = 74 AND `hide` = 0 AND `is_dev` = 0 ORDER BY sort asc  [ RunTime:0.001000s ]
SQL: SELECT DISTINCT  `group` FROM `ot_menu` WHERE ( pid = 10073 ) ORDER BY sort asc  [ RunTime:0.000000s ]
SQL: SELECT `id`,`url` FROM `ot_menu` WHERE `pid` = 10073 AND `hide` = 0 AND `is_dev` = 0  [ RunTime:0.001000s ]
SQL: SELECT `id`,`pid`,`title`,`url`,`tip` FROM `ot_menu` WHERE `group` = '' AND `pid` = 10073 AND `hide` = 0 AND `is_dev` = 0 ORDER BY sort asc  [ RunTime:0.000000s ]
SQL: SELECT `id`,`pid`,`title`,`url`,`tip` FROM `ot_menu` WHERE `group` = '设置' AND `pid` = 10073 AND `hide` = 0 AND `is_dev` = 0 ORDER BY sort asc  [ RunTime:0.001000s ]
SQL: SELECT `id`,`pid`,`title`,`url`,`tip` FROM `ot_menu` WHERE `group` = '分类管理' AND `pid` = 10073 AND `hide` = 0 AND `is_dev` = 0 ORDER BY sort asc  [ RunTime:0.000000s ]
SQL: SELECT `id`,`pid`,`title`,`url`,`tip` FROM `ot_menu` WHERE `group` = '作品' AND `pid` = 10073 AND `hide` = 0 AND `is_dev` = 0 ORDER BY sort asc  [ RunTime:0.001000s ]
SQL: SELECT `id`,`pid`,`title`,`url`,`tip` FROM `ot_menu` WHERE `group` = '行业' AND `pid` = 10073 AND `hide` = 0 AND `is_dev` = 0 ORDER BY sort asc  [ RunTime:0.001000s ]
SQL: SELECT `id`,`pid`,`title`,`url`,`tip` FROM `ot_menu` WHERE `group` = '机构' AND `pid` = 10073 AND `hide` = 0 AND `is_dev` = 0 ORDER BY sort asc  [ RunTime:0.000000s ]
SQL: SELECT `id`,`pid`,`title`,`url`,`tip` FROM `ot_menu` WHERE `group` = '飞手' AND `pid` = 10073 AND `hide` = 0 AND `is_dev` = 0 ORDER BY sort asc  [ RunTime:0.001000s ]
SQL: SELECT `id`,`pid`,`title`,`url`,`tip` FROM `ot_menu` WHERE `group` = '回复' AND `pid` = 10073 AND `hide` = 0 AND `is_dev` = 0 ORDER BY sort asc  [ RunTime:0.000000s ]
SQL: SELECT DISTINCT  `group` FROM `ot_menu` WHERE ( pid = 105 ) ORDER BY sort asc  [ RunTime:0.001000s ]
SQL: SELECT `id`,`url` FROM `ot_menu` WHERE `pid` = 105 AND `hide` = 0 AND `is_dev` = 0  [ RunTime:0.000000s ]
SQL: SELECT `id`,`pid`,`title`,`url`,`tip` FROM `ot_menu` WHERE `group` = '云市场' AND `pid` = 105 AND `hide` = 0 AND `is_dev` = 0 ORDER BY sort asc  [ RunTime:0.001000s ]
SQL: SELECT `id`,`pid`,`title`,`url`,`tip` FROM `ot_menu` WHERE `group` = '本地' AND `pid` = 105 AND `hide` = 0 AND `is_dev` = 0 ORDER BY sort asc  [ RunTime:0.000000s ]
SQL: SHOW COLUMNS FROM `ot_addons` [ RunTime:0.006000s ]
SQL: SELECT `id` FROM `ot_menu` WHERE ( url like 'Index/index%' OR url like '%/Index/index%'   ) LIMIT 1   [ RunTime:0.000000s ]
SQL: SHOW COLUMNS FROM `ot_menu` [ RunTime:0.006000s ]
SQL: SELECT `id`,`pid`,`title`,`url` FROM `ot_menu` WHERE ( id=1 ) LIMIT 1   [ RunTime:0.001000s ]
SQL: SELECT DISTINCT  `group` FROM `ot_menu` WHERE ( pid = 1 ) ORDER BY sort asc  [ RunTime:0.001000s ]
SQL: SELECT `id`,`url` FROM `ot_menu` WHERE `pid` = 1 AND `hide` = 0 AND `is_dev` = 0  [ RunTime:0.000000s ]
SQL: SELECT `id`,`pid`,`title`,`url`,`tip`,`module` FROM `ot_menu` WHERE `group` = '模块权限' AND `pid` = 1 AND `hide` = 0 AND `is_dev` = 0 ORDER BY sort asc  [ RunTime:0.000000s ]
NOTIC: [8] Undefined index: module D:\project\wechatApp\l.hangpaiSC.cn\php\Application\Admin\Controller\AdminController.class.php 第 476 行.
SQL: SELECT `id`,`pid`,`title`,`url`,`tip`,`module` FROM `ot_menu` WHERE `group` = '系统首页' AND `pid` = 1 AND `hide` = 0 AND `is_dev` = 0 ORDER BY sort asc  [ RunTime:0.000000s ]
SQL: SELECT `id`,`pid`,`title`,`url`,`tip`,`module` FROM `ot_menu` WHERE `group` = '数据统计' AND `pid` = 1 AND `hide` = 0 AND `is_dev` = 0 ORDER BY sort asc  [ RunTime:0.000000s ]
SQL: SHOW COLUMNS FROM `ot_version` [ RunTime:0.006000s ]
SQL: SHOW COLUMNS FROM `ot_tile` [ RunTime:0.008000s ]
SQL: SELECT * FROM `ot_tile` WHERE `status` = 1 ORDER BY sort asc  [ RunTime:0.000000s ]
INFO: [ view_parse ] --START--
INFO: [ template_filter ] --START--
INFO: Run Behavior\ContentReplaceBehavior [ RunTime:0.001000s ]
INFO: [ template_filter ] --END-- [ RunTime:0.001000s ]
SQL: SELECT `value` FROM `ot_config` WHERE `name` = '_CONFIG_LOGO' LIMIT 1   [ RunTime:0.000000s ]
NOTIC: [8] Undefined index: admin_entry D:\project\wechatApp\l.hangpaiSC.cn\php\Runtime\Cache\Admin\085b574956cdc611cfedaace62cf4e64.php 第 188 行.
NOTIC: [8] Undefined index: admin_entry D:\project\wechatApp\l.hangpaiSC.cn\php\Runtime\Cache\Admin\085b574956cdc611cfedaace62cf4e64.php 第 188 行.
NOTIC: [8] Undefined index: admin_entry D:\project\wechatApp\l.hangpaiSC.cn\php\Runtime\Cache\Admin\085b574956cdc611cfedaace62cf4e64.php 第 188 行.
SQL: select version() as v; [ RunTime:0.000000s ]
NOTIC: [8] Undefined variable: addons_config D:\project\wechatApp\l.hangpaiSC.cn\php\Runtime\Cache\Admin\085b574956cdc611cfedaace62cf4e64.php 第 541 行.
NOTIC: [8] Undefined variable: count D:\project\wechatApp\l.hangpaiSC.cn\php\Runtime\Cache\Admin\085b574956cdc611cfedaace62cf4e64.php 第 580 行.
NOTIC: [8] Undefined variable: count D:\project\wechatApp\l.hangpaiSC.cn\php\Runtime\Cache\Admin\085b574956cdc611cfedaace62cf4e64.php 第 584 行.
NOTIC: [8] Undefined variable: count D:\project\wechatApp\l.hangpaiSC.cn\php\Runtime\Cache\Admin\085b574956cdc611cfedaace62cf4e64.php 第 601 行.
NOTIC: [8] Undefined variable: report D:\project\wechatApp\l.hangpaiSC.cn\php\Runtime\Cache\Admin\085b574956cdc611cfedaace62cf4e64.php 第 818 行.
NOTIC: [8] Undefined variable: count D:\project\wechatApp\l.hangpaiSC.cn\php\Runtime\Cache\Admin\085b574956cdc611cfedaace62cf4e64.php 第 1029 行.
INFO: Run Behavior\ParseTemplateBehavior [ RunTime:0.044000s ]
INFO: [ view_parse ] --END-- [ RunTime:0.044000s ]
INFO: [ view_filter ] --START--
INFO: Run Behavior\WriteHtmlCacheBehavior [ RunTime:0.000000s ]
INFO: [ view_filter ] --END-- [ RunTime:0.000000s ]
INFO: [ app_end ] --START--
INFO: Run Behavior\ShowPageTraceBehavior [ RunTime:0.001000s ]
INFO: [ app_end ] --END-- [ RunTime:0.001000s ]

